INFO  @ Wed, 19 Jul 2023 12:25:55: Parameters: /Users/samgould/opt/anaconda3/envs/mageckenv/bin/mageck test -k /Users/samgould/Desktop/MaGeCK/counts_w_neutrals_v1.txt -t D34-NUT-REP1,D34-NUT-REP2,D34-NUT-REP3 -c D4-REP1,D4-REP2,D4-REP3 --control-sgrna /Users/samgould/Desktop/MaGeCK/neutral_pegs_v1.txt --normcounts-to-file -n D34_NUT_D4_w_controls 
INFO  @ Wed, 19 Jul 2023 12:25:55: Welcome to MAGeCK v0.5.9.5. Command: test 
INFO  @ Wed, 19 Jul 2023 12:25:55: Loading count table from /Users/samgould/Desktop/MaGeCK/counts_w_neutrals_v1.txt  
INFO  @ Wed, 19 Jul 2023 12:25:55: Processing 1 lines.. 
DEBUG @ Wed, 19 Jul 2023 12:25:55: Parsing error in line 1 (usually the header line). Skip this line. 
INFO  @ Wed, 19 Jul 2023 12:25:55: Loaded 28549 records. 
INFO  @ Wed, 19 Jul 2023 12:25:55: 30 out of 30 control sgRNAs are found in count table. 
INFO  @ Wed, 19 Jul 2023 12:25:55: Loading Rnw template file: /Users/samgould/opt/anaconda3/envs/mageckenv/lib/python3.10/site-packages/mageck/test_report.Rmd. 
DEBUG @ Wed, 19 Jul 2023 12:25:55: Setting up the visualization module... 
INFO  @ Wed, 19 Jul 2023 12:25:55: Loading R template file: /Users/samgould/opt/anaconda3/envs/mageckenv/lib/python3.10/site-packages/mageck/plot_template.RTemplate. 
INFO  @ Wed, 19 Jul 2023 12:25:55: Loading R template file: /Users/samgould/opt/anaconda3/envs/mageckenv/lib/python3.10/site-packages/mageck/plot_template_indvgene.RTemplate. 
INFO  @ Wed, 19 Jul 2023 12:25:55: Loading Rnw template file: /Users/samgould/opt/anaconda3/envs/mageckenv/lib/python3.10/site-packages/mageck/plot_template.Rnw. 
DEBUG @ Wed, 19 Jul 2023 12:25:55: Setting up the visualization module... 
DEBUG @ Wed, 19 Jul 2023 12:25:55: Given sample labels: D34-NUT-REP1,D34-NUT-REP2,D34-NUT-REP3 
DEBUG @ Wed, 19 Jul 2023 12:25:55: Converted index: 19 20 21 
INFO  @ Wed, 19 Jul 2023 12:25:55: Treatment samples:D34-NUT-REP1,D34-NUT-REP2,D34-NUT-REP3 
INFO  @ Wed, 19 Jul 2023 12:25:55: Treatment sample index:19,20,21 
DEBUG @ Wed, 19 Jul 2023 12:25:55: Given sample labels: D4-REP1,D4-REP2,D4-REP3 
DEBUG @ Wed, 19 Jul 2023 12:25:55: Converted index: 1 2 3 
INFO  @ Wed, 19 Jul 2023 12:25:55: Control samples:D4-REP1,D4-REP2,D4-REP3 
INFO  @ Wed, 19 Jul 2023 12:25:55: Control sample index:1,2,3 
DEBUG @ Wed, 19 Jul 2023 12:25:55: Initial (total) size factor: 3.152563307978458 0.8621345112833221 0.9872568339564991 0.6293353524580072 1.1154918098157929 0.9760527175490483 
DEBUG @ Wed, 19 Jul 2023 12:25:55: Median factor: 2.4282220642369676 0.5227290008817177 0.6740030772986388 0.750014394811321 1.7510185736764932 1.1209595016708753 
INFO  @ Wed, 19 Jul 2023 12:25:55: Final size factor: 2.4282220642369676 0.5227290008817177 0.6740030772986388 0.750014394811321 1.7510185736764932 1.1209595016708753 
INFO  @ Wed, 19 Jul 2023 12:25:55: Writing normalized read counts to D34_NUT_D4_w_controls.normalized.txt 
INFO  @ Wed, 19 Jul 2023 12:25:55: Detecting outliers from variance estimation.. Avg read count:[134.12661238242913], Var: [8176608.437251941] 
INFO  @ Wed, 19 Jul 2023 12:25:55: Skipping 412 sgRNAs from variance calculation because of their extreme high counts (> 4* STD (mean counts) ). 
DEBUG @ Wed, 19 Jul 2023 12:25:55: Adjusted model: 1.7476811635192953	0 
INFO  @ Wed, 19 Jul 2023 12:25:55: Before RRA, 1400 sgRNAs are removed with zero counts in both group(s). 
INFO  @ Wed, 19 Jul 2023 12:25:55: Use qnorm to reversely calculate sgRNA scores ... 
DEBUG @ Wed, 19 Jul 2023 12:25:56: lower test FDR cutoff: 0.419352462337471 
DEBUG @ Wed, 19 Jul 2023 12:25:56: higher test FDR cutoff: 0.3894802755165936 
INFO  @ Wed, 19 Jul 2023 12:25:56: Running command: RRA -i D34_NUT_D4_w_controls.plow.txt -o D34_NUT_D4_w_controls.gene.low.txt -p 0.419352462337471 --control /Users/samgould/Desktop/MaGeCK/neutral_pegs_v1.txt --skip-gene NA --skip-gene na  
INFO  @ Wed, 19 Jul 2023 12:26:06: Command message: 
INFO  @ Wed, 19 Jul 2023 12:26:06:   Welcome to RRA v 0.5.9. 
INFO  @ Wed, 19 Jul 2023 12:26:06:   31 control sequences loaded. 
INFO  @ Wed, 19 Jul 2023 12:26:06:   Skipping gene NA for permutation ... 
INFO  @ Wed, 19 Jul 2023 12:26:06:   Skipping gene na for permutation ... 
INFO  @ Wed, 19 Jul 2023 12:26:06:   Reading input file... 
INFO  @ Wed, 19 Jul 2023 12:26:06:   Summary: 27149 sgRNAs, 1227 genes, 1 lists; skipped sgRNAs:0 
INFO  @ Wed, 19 Jul 2023 12:26:06:   Computing lo-values for each group... 
INFO  @ Wed, 19 Jul 2023 12:26:06:   Skipping gene A86A_ctrl for permutation ... 
INFO  @ Wed, 19 Jul 2023 12:26:06:   Skipping gene R174R_ctrl for permutation ... 
INFO  @ Wed, 19 Jul 2023 12:26:06:   Skipping gene T170T_ctrl for permutation ... 
INFO  @ Wed, 19 Jul 2023 12:26:06:   Skipping gene P82P_ctrl for permutation ... 
INFO  @ Wed, 19 Jul 2023 12:26:06:   Skipping gene S90S_ctrl for permutation ... 
INFO  @ Wed, 19 Jul 2023 12:26:06:   Skipping gene P58P_ctrl for permutation ... 
INFO  @ Wed, 19 Jul 2023 12:26:06:   Skipping gene A70A_ctrl for permutation ... 
INFO  @ Wed, 19 Jul 2023 12:26:06:   Skipping gene F270F_ctrl for permutation ... 
INFO  @ Wed, 19 Jul 2023 12:26:06:   Skipping gene T230T_ctrl for permutation ... 
INFO  @ Wed, 19 Jul 2023 12:26:06:   Skipping gene E346E_ctrl for permutation ... 
INFO  @ Wed, 19 Jul 2023 12:26:06:   Skipping gene G262G_ctrl for permutation ... 
INFO  @ Wed, 19 Jul 2023 12:26:06:   Skipping gene G266G_ctrl for permutation ... 
INFO  @ Wed, 19 Jul 2023 12:26:06:   Skipping gene D42D_ctrl for permutation ... 
INFO  @ Wed, 19 Jul 2023 12:26:06:   Skipping gene N310N_ctrl for permutation ... 
INFO  @ Wed, 19 Jul 2023 12:26:06:   Skipping gene E326E_ctrl for permutation ... 
INFO  @ Wed, 19 Jul 2023 12:26:06:   Skipping gene P322P_ctrl for permutation ... 
INFO  @ Wed, 19 Jul 2023 12:26:06:   Skipping gene P390P_ctrl for permutation ... 
INFO  @ Wed, 19 Jul 2023 12:26:06:   Warning: sgRNA  not found in the ranked list.  
INFO  @ Wed, 19 Jul 2023 12:26:06:   Computing false discovery rate... 
INFO  @ Wed, 19 Jul 2023 12:26:06:   Total # control sgRNAs: 30 
INFO  @ Wed, 19 Jul 2023 12:26:06:   Permuting genes with 1 sgRNAs... 
INFO  @ Wed, 19 Jul 2023 12:26:06:   Permuting genes with 2 sgRNAs... 
INFO  @ Wed, 19 Jul 2023 12:26:06:   Permuting genes with 3 sgRNAs... 
INFO  @ Wed, 19 Jul 2023 12:26:06:   Permuting genes with 4 sgRNAs... 
INFO  @ Wed, 19 Jul 2023 12:26:06:   Permuting genes with 5 sgRNAs... 
INFO  @ Wed, 19 Jul 2023 12:26:06:   Permuting genes with 6 sgRNAs... 
INFO  @ Wed, 19 Jul 2023 12:26:06:   Permuting genes with 7 sgRNAs... 
INFO  @ Wed, 19 Jul 2023 12:26:06:   Permuting genes with 8 sgRNAs... 
INFO  @ Wed, 19 Jul 2023 12:26:06:   Permuting genes with 9 sgRNAs... 
INFO  @ Wed, 19 Jul 2023 12:26:06:   Permuting genes with 10 sgRNAs... 
INFO  @ Wed, 19 Jul 2023 12:26:06:   Permuting genes with 11 sgRNAs... 
INFO  @ Wed, 19 Jul 2023 12:26:06:   Permuting genes with 12 sgRNAs... 
INFO  @ Wed, 19 Jul 2023 12:26:06:   Permuting genes with 13 sgRNAs... 
INFO  @ Wed, 19 Jul 2023 12:26:06:   Permuting genes with 14 sgRNAs... 
INFO  @ Wed, 19 Jul 2023 12:26:06:   Permuting genes with 15 sgRNAs... 
INFO  @ Wed, 19 Jul 2023 12:26:06:   Permuting genes with 16 sgRNAs... 
INFO  @ Wed, 19 Jul 2023 12:26:06:   Permuting genes with 17 sgRNAs... 
INFO  @ Wed, 19 Jul 2023 12:26:06:   Permuting genes with 18 sgRNAs... 
INFO  @ Wed, 19 Jul 2023 12:26:06:   Permuting genes with 19 sgRNAs... 
INFO  @ Wed, 19 Jul 2023 12:26:06:   Permuting genes with 20 sgRNAs... 
INFO  @ Wed, 19 Jul 2023 12:26:06:   Permuting genes with 21 sgRNAs... 
INFO  @ Wed, 19 Jul 2023 12:26:06:   Permuting genes with 22 sgRNAs... 
INFO  @ Wed, 19 Jul 2023 12:26:06:   Permuting genes with 23 sgRNAs... 
INFO  @ Wed, 19 Jul 2023 12:26:06:   Permuting genes with 24 sgRNAs... 
INFO  @ Wed, 19 Jul 2023 12:26:06:   Permuting genes with 25 sgRNAs... 
INFO  @ Wed, 19 Jul 2023 12:26:06:   Permuting genes with 26 sgRNAs... 
INFO  @ Wed, 19 Jul 2023 12:26:06:   Permuting genes with 27 sgRNAs... 
INFO  @ Wed, 19 Jul 2023 12:26:06:   Permuting genes with 28 sgRNAs... 
INFO  @ Wed, 19 Jul 2023 12:26:06:   Permuting genes with 29 sgRNAs... 
INFO  @ Wed, 19 Jul 2023 12:26:06:   Permuting genes with 30 sgRNAs... 
INFO  @ Wed, 19 Jul 2023 12:26:06:   Permuting genes with 31 sgRNAs... 
INFO  @ Wed, 19 Jul 2023 12:26:06:   Permuting genes with 34 sgRNAs... 
INFO  @ Wed, 19 Jul 2023 12:26:06:   Permuting genes with 36 sgRNAs... 
INFO  @ Wed, 19 Jul 2023 12:26:06:   Permuting genes with 47 sgRNAs... 
INFO  @ Wed, 19 Jul 2023 12:26:06:   Permuting genes with 53 sgRNAs... 
INFO  @ Wed, 19 Jul 2023 12:26:06:   Permuting genes with 54 sgRNAs... 
INFO  @ Wed, 19 Jul 2023 12:26:06:   Permuting genes with 56 sgRNAs... 
INFO  @ Wed, 19 Jul 2023 12:26:06:   Permuting genes with 57 sgRNAs... 
INFO  @ Wed, 19 Jul 2023 12:26:06:   Permuting genes with 59 sgRNAs... 
INFO  @ Wed, 19 Jul 2023 12:26:06:   Permuting genes with 60 sgRNAs... 
INFO  @ Wed, 19 Jul 2023 12:26:06:   Number of genes under FDR adjustment: 1227 
INFO  @ Wed, 19 Jul 2023 12:26:06:   Saving to output file... 
INFO  @ Wed, 19 Jul 2023 12:26:06:   Suppressing the output of gene A86A_ctrl since it is negative ontrol genes. 
INFO  @ Wed, 19 Jul 2023 12:26:06:   Suppressing the output of gene T170T_ctrl since it is negative ontrol genes. 
INFO  @ Wed, 19 Jul 2023 12:26:06:   Suppressing the output of gene R174R_ctrl since it is negative ontrol genes. 
INFO  @ Wed, 19 Jul 2023 12:26:06:   Suppressing the output of gene P82P_ctrl since it is negative ontrol genes. 
INFO  @ Wed, 19 Jul 2023 12:26:06:   Suppressing the output of gene S90S_ctrl since it is negative ontrol genes. 
INFO  @ Wed, 19 Jul 2023 12:26:06:   Suppressing the output of gene P58P_ctrl since it is negative ontrol genes. 
INFO  @ Wed, 19 Jul 2023 12:26:06:   Suppressing the output of gene F270F_ctrl since it is negative ontrol genes. 
INFO  @ Wed, 19 Jul 2023 12:26:06:   Suppressing the output of gene T230T_ctrl since it is negative ontrol genes. 
INFO  @ Wed, 19 Jul 2023 12:26:06:   Suppressing the output of gene E346E_ctrl since it is negative ontrol genes. 
INFO  @ Wed, 19 Jul 2023 12:26:06:   Suppressing the output of gene G266G_ctrl since it is negative ontrol genes. 
INFO  @ Wed, 19 Jul 2023 12:26:06:   Suppressing the output of gene D42D_ctrl since it is negative ontrol genes. 
INFO  @ Wed, 19 Jul 2023 12:26:06:   Suppressing the output of gene N310N_ctrl since it is negative ontrol genes. 
INFO  @ Wed, 19 Jul 2023 12:26:06:   Suppressing the output of gene P322P_ctrl since it is negative ontrol genes. 
INFO  @ Wed, 19 Jul 2023 12:26:06:   Suppressing the output of gene P390P_ctrl since it is negative ontrol genes. 
INFO  @ Wed, 19 Jul 2023 12:26:06:   Suppressing the output of gene A70A_ctrl since it is negative ontrol genes. 
INFO  @ Wed, 19 Jul 2023 12:26:06:   Suppressing the output of gene E326E_ctrl since it is negative ontrol genes. 
INFO  @ Wed, 19 Jul 2023 12:26:06:   Suppressing the output of gene G262G_ctrl since it is negative ontrol genes. 
INFO  @ Wed, 19 Jul 2023 12:26:06:   RRA completed. 
INFO  @ Wed, 19 Jul 2023 12:26:06:   Groups deletion complete. 
INFO  @ Wed, 19 Jul 2023 12:26:06:   Lists deletion complete. 
INFO  @ Wed, 19 Jul 2023 12:26:06:   ControlSeqPercentile deletion complete. 
INFO  @ Wed, 19 Jul 2023 12:26:06:    
INFO  @ Wed, 19 Jul 2023 12:26:06: End command message. 
INFO  @ Wed, 19 Jul 2023 12:26:06: Running command: RRA -i D34_NUT_D4_w_controls.phigh.txt -o D34_NUT_D4_w_controls.gene.high.txt -p 0.3894802755165936 --control /Users/samgould/Desktop/MaGeCK/neutral_pegs_v1.txt --skip-gene NA --skip-gene na  
INFO  @ Wed, 19 Jul 2023 12:26:17: Command message: 
INFO  @ Wed, 19 Jul 2023 12:26:17:   Welcome to RRA v 0.5.9. 
INFO  @ Wed, 19 Jul 2023 12:26:17:   31 control sequences loaded. 
INFO  @ Wed, 19 Jul 2023 12:26:17:   Skipping gene NA for permutation ... 
INFO  @ Wed, 19 Jul 2023 12:26:17:   Skipping gene na for permutation ... 
INFO  @ Wed, 19 Jul 2023 12:26:17:   Reading input file... 
INFO  @ Wed, 19 Jul 2023 12:26:17:   Summary: 27149 sgRNAs, 1227 genes, 1 lists; skipped sgRNAs:0 
INFO  @ Wed, 19 Jul 2023 12:26:17:   Computing lo-values for each group... 
INFO  @ Wed, 19 Jul 2023 12:26:17:   Skipping gene P390P_ctrl for permutation ... 
INFO  @ Wed, 19 Jul 2023 12:26:17:   Skipping gene P322P_ctrl for permutation ... 
INFO  @ Wed, 19 Jul 2023 12:26:17:   Skipping gene G262G_ctrl for permutation ... 
INFO  @ Wed, 19 Jul 2023 12:26:17:   Skipping gene E326E_ctrl for permutation ... 
INFO  @ Wed, 19 Jul 2023 12:26:17:   Skipping gene N310N_ctrl for permutation ... 
INFO  @ Wed, 19 Jul 2023 12:26:17:   Skipping gene D42D_ctrl for permutation ... 
INFO  @ Wed, 19 Jul 2023 12:26:17:   Skipping gene G266G_ctrl for permutation ... 
INFO  @ Wed, 19 Jul 2023 12:26:17:   Skipping gene E346E_ctrl for permutation ... 
INFO  @ Wed, 19 Jul 2023 12:26:17:   Skipping gene T230T_ctrl for permutation ... 
INFO  @ Wed, 19 Jul 2023 12:26:17:   Skipping gene F270F_ctrl for permutation ... 
INFO  @ Wed, 19 Jul 2023 12:26:17:   Skipping gene A70A_ctrl for permutation ... 
INFO  @ Wed, 19 Jul 2023 12:26:17:   Skipping gene R174R_ctrl for permutation ... 
INFO  @ Wed, 19 Jul 2023 12:26:17:   Skipping gene P58P_ctrl for permutation ... 
INFO  @ Wed, 19 Jul 2023 12:26:17:   Skipping gene S90S_ctrl for permutation ... 
INFO  @ Wed, 19 Jul 2023 12:26:17:   Skipping gene A86A_ctrl for permutation ... 
INFO  @ Wed, 19 Jul 2023 12:26:17:   Skipping gene P82P_ctrl for permutation ... 
INFO  @ Wed, 19 Jul 2023 12:26:17:   Skipping gene T170T_ctrl for permutation ... 
INFO  @ Wed, 19 Jul 2023 12:26:17:   Warning: sgRNA  not found in the ranked list.  
INFO  @ Wed, 19 Jul 2023 12:26:17:   Computing false discovery rate... 
INFO  @ Wed, 19 Jul 2023 12:26:17:   Total # control sgRNAs: 30 
INFO  @ Wed, 19 Jul 2023 12:26:17:   Permuting genes with 1 sgRNAs... 
INFO  @ Wed, 19 Jul 2023 12:26:17:   Permuting genes with 2 sgRNAs... 
INFO  @ Wed, 19 Jul 2023 12:26:17:   Permuting genes with 3 sgRNAs... 
INFO  @ Wed, 19 Jul 2023 12:26:17:   Permuting genes with 4 sgRNAs... 
INFO  @ Wed, 19 Jul 2023 12:26:17:   Permuting genes with 5 sgRNAs... 
INFO  @ Wed, 19 Jul 2023 12:26:17:   Permuting genes with 6 sgRNAs... 
INFO  @ Wed, 19 Jul 2023 12:26:17:   Permuting genes with 7 sgRNAs... 
INFO  @ Wed, 19 Jul 2023 12:26:17:   Permuting genes with 8 sgRNAs... 
INFO  @ Wed, 19 Jul 2023 12:26:17:   Permuting genes with 9 sgRNAs... 
INFO  @ Wed, 19 Jul 2023 12:26:17:   Permuting genes with 10 sgRNAs... 
INFO  @ Wed, 19 Jul 2023 12:26:17:   Permuting genes with 11 sgRNAs... 
INFO  @ Wed, 19 Jul 2023 12:26:17:   Permuting genes with 12 sgRNAs... 
INFO  @ Wed, 19 Jul 2023 12:26:17:   Permuting genes with 13 sgRNAs... 
INFO  @ Wed, 19 Jul 2023 12:26:17:   Permuting genes with 14 sgRNAs... 
INFO  @ Wed, 19 Jul 2023 12:26:17:   Permuting genes with 15 sgRNAs... 
INFO  @ Wed, 19 Jul 2023 12:26:17:   Permuting genes with 16 sgRNAs... 
INFO  @ Wed, 19 Jul 2023 12:26:17:   Permuting genes with 17 sgRNAs... 
INFO  @ Wed, 19 Jul 2023 12:26:17:   Permuting genes with 18 sgRNAs... 
INFO  @ Wed, 19 Jul 2023 12:26:17:   Permuting genes with 19 sgRNAs... 
INFO  @ Wed, 19 Jul 2023 12:26:17:   Permuting genes with 20 sgRNAs... 
INFO  @ Wed, 19 Jul 2023 12:26:17:   Permuting genes with 21 sgRNAs... 
INFO  @ Wed, 19 Jul 2023 12:26:17:   Permuting genes with 22 sgRNAs... 
INFO  @ Wed, 19 Jul 2023 12:26:17:   Permuting genes with 23 sgRNAs... 
INFO  @ Wed, 19 Jul 2023 12:26:17:   Permuting genes with 24 sgRNAs... 
INFO  @ Wed, 19 Jul 2023 12:26:17:   Permuting genes with 25 sgRNAs... 
INFO  @ Wed, 19 Jul 2023 12:26:17:   Permuting genes with 26 sgRNAs... 
INFO  @ Wed, 19 Jul 2023 12:26:17:   Permuting genes with 27 sgRNAs... 
INFO  @ Wed, 19 Jul 2023 12:26:17:   Permuting genes with 28 sgRNAs... 
INFO  @ Wed, 19 Jul 2023 12:26:17:   Permuting genes with 29 sgRNAs... 
INFO  @ Wed, 19 Jul 2023 12:26:17:   Permuting genes with 30 sgRNAs... 
INFO  @ Wed, 19 Jul 2023 12:26:17:   Permuting genes with 31 sgRNAs... 
INFO  @ Wed, 19 Jul 2023 12:26:17:   Permuting genes with 34 sgRNAs... 
INFO  @ Wed, 19 Jul 2023 12:26:17:   Permuting genes with 36 sgRNAs... 
INFO  @ Wed, 19 Jul 2023 12:26:17:   Permuting genes with 47 sgRNAs... 
INFO  @ Wed, 19 Jul 2023 12:26:17:   Permuting genes with 53 sgRNAs... 
INFO  @ Wed, 19 Jul 2023 12:26:17:   Permuting genes with 54 sgRNAs... 
INFO  @ Wed, 19 Jul 2023 12:26:17:   Permuting genes with 56 sgRNAs... 
INFO  @ Wed, 19 Jul 2023 12:26:17:   Permuting genes with 57 sgRNAs... 
INFO  @ Wed, 19 Jul 2023 12:26:17:   Permuting genes with 59 sgRNAs... 
INFO  @ Wed, 19 Jul 2023 12:26:17:   Permuting genes with 60 sgRNAs... 
INFO  @ Wed, 19 Jul 2023 12:26:17:   Number of genes under FDR adjustment: 1227 
INFO  @ Wed, 19 Jul 2023 12:26:17:   Saving to output file... 
INFO  @ Wed, 19 Jul 2023 12:26:17:   Suppressing the output of gene G262G_ctrl since it is negative ontrol genes. 
INFO  @ Wed, 19 Jul 2023 12:26:17:   Suppressing the output of gene E326E_ctrl since it is negative ontrol genes. 
INFO  @ Wed, 19 Jul 2023 12:26:17:   Suppressing the output of gene A70A_ctrl since it is negative ontrol genes. 
INFO  @ Wed, 19 Jul 2023 12:26:17:   Suppressing the output of gene P390P_ctrl since it is negative ontrol genes. 
INFO  @ Wed, 19 Jul 2023 12:26:17:   Suppressing the output of gene P322P_ctrl since it is negative ontrol genes. 
INFO  @ Wed, 19 Jul 2023 12:26:17:   Suppressing the output of gene N310N_ctrl since it is negative ontrol genes. 
INFO  @ Wed, 19 Jul 2023 12:26:17:   Suppressing the output of gene D42D_ctrl since it is negative ontrol genes. 
INFO  @ Wed, 19 Jul 2023 12:26:17:   Suppressing the output of gene G266G_ctrl since it is negative ontrol genes. 
INFO  @ Wed, 19 Jul 2023 12:26:17:   Suppressing the output of gene E346E_ctrl since it is negative ontrol genes. 
INFO  @ Wed, 19 Jul 2023 12:26:17:   Suppressing the output of gene T230T_ctrl since it is negative ontrol genes. 
INFO  @ Wed, 19 Jul 2023 12:26:17:   Suppressing the output of gene F270F_ctrl since it is negative ontrol genes. 
INFO  @ Wed, 19 Jul 2023 12:26:17:   Suppressing the output of gene P58P_ctrl since it is negative ontrol genes. 
INFO  @ Wed, 19 Jul 2023 12:26:17:   Suppressing the output of gene S90S_ctrl since it is negative ontrol genes. 
INFO  @ Wed, 19 Jul 2023 12:26:17:   Suppressing the output of gene P82P_ctrl since it is negative ontrol genes. 
INFO  @ Wed, 19 Jul 2023 12:26:17:   Suppressing the output of gene T170T_ctrl since it is negative ontrol genes. 
INFO  @ Wed, 19 Jul 2023 12:26:17:   Suppressing the output of gene R174R_ctrl since it is negative ontrol genes. 
INFO  @ Wed, 19 Jul 2023 12:26:17:   Suppressing the output of gene A86A_ctrl since it is negative ontrol genes. 
INFO  @ Wed, 19 Jul 2023 12:26:17:   RRA completed. 
INFO  @ Wed, 19 Jul 2023 12:26:17:   Groups deletion complete. 
INFO  @ Wed, 19 Jul 2023 12:26:17:   Lists deletion complete. 
INFO  @ Wed, 19 Jul 2023 12:26:17:   ControlSeqPercentile deletion complete. 
INFO  @ Wed, 19 Jul 2023 12:26:17:    
INFO  @ Wed, 19 Jul 2023 12:26:17: End command message. 
DEBUG @ Wed, 19 Jul 2023 12:26:17: Sorting the merged items by negative selection... 
INFO  @ Wed, 19 Jul 2023 12:26:17: Loading top 10 genes from D34_NUT_D4_w_controls.gene.low.txt: H179PfsTer2,R175C,P301S,P177H,E298Q,H178R,H178TfsTer69,V10V,L111V,R280EfsTer65 
DEBUG @ Wed, 19 Jul 2023 12:26:17: Column index:3 
INFO  @ Wed, 19 Jul 2023 12:26:17: Loading top 10 genes from D34_NUT_D4_w_controls.gene.high.txt: N345S,I254_I255insH,L22L,A347P,R196P,N239T,E346Ter,I255F,I254TfsTer91,E271_V272insQL* 
DEBUG @ Wed, 19 Jul 2023 12:26:17: Column index:9 
INFO  @ Wed, 19 Jul 2023 12:26:17: Running command: rm D34_NUT_D4_w_controls.plow.txt 
INFO  @ Wed, 19 Jul 2023 12:26:17: Running command: rm D34_NUT_D4_w_controls.phigh.txt 
INFO  @ Wed, 19 Jul 2023 12:26:17: Running command: rm D34_NUT_D4_w_controls.gene.low.txt 
INFO  @ Wed, 19 Jul 2023 12:26:17: Running command: rm D34_NUT_D4_w_controls.gene.high.txt 
