INFO  @ Wed, 19 Jul 2023 12:17:05: Parameters: /Users/samgould/opt/anaconda3/envs/mageckenv/bin/mageck test -k /Users/samgould/Desktop/MaGeCK/counts_w_neutrals_v1.txt -t D25-REP1,D25-REP2,D25-REP3 -c D4-REP1,D4-REP2,D4-REP3 --control-sgrna /Users/samgould/Desktop/MaGeCK/neutral_pegs_v1.txt --normcounts-to-file -n D25_D4_w_controls 
INFO  @ Wed, 19 Jul 2023 12:17:05: Welcome to MAGeCK v0.5.9.5. Command: test 
INFO  @ Wed, 19 Jul 2023 12:17:05: Loading count table from /Users/samgould/Desktop/MaGeCK/counts_w_neutrals_v1.txt  
INFO  @ Wed, 19 Jul 2023 12:17:05: Processing 1 lines.. 
DEBUG @ Wed, 19 Jul 2023 12:17:05: Parsing error in line 1 (usually the header line). Skip this line. 
INFO  @ Wed, 19 Jul 2023 12:17:06: Loaded 28549 records. 
INFO  @ Wed, 19 Jul 2023 12:17:06: 30 out of 30 control sgRNAs are found in count table. 
INFO  @ Wed, 19 Jul 2023 12:17:06: Loading Rnw template file: /Users/samgould/opt/anaconda3/envs/mageckenv/lib/python3.10/site-packages/mageck/test_report.Rmd. 
DEBUG @ Wed, 19 Jul 2023 12:17:06: Setting up the visualization module... 
INFO  @ Wed, 19 Jul 2023 12:17:06: Loading R template file: /Users/samgould/opt/anaconda3/envs/mageckenv/lib/python3.10/site-packages/mageck/plot_template.RTemplate. 
INFO  @ Wed, 19 Jul 2023 12:17:06: Loading R template file: /Users/samgould/opt/anaconda3/envs/mageckenv/lib/python3.10/site-packages/mageck/plot_template_indvgene.RTemplate. 
INFO  @ Wed, 19 Jul 2023 12:17:06: Loading Rnw template file: /Users/samgould/opt/anaconda3/envs/mageckenv/lib/python3.10/site-packages/mageck/plot_template.Rnw. 
DEBUG @ Wed, 19 Jul 2023 12:17:06: Setting up the visualization module... 
DEBUG @ Wed, 19 Jul 2023 12:17:06: Given sample labels: D25-REP1,D25-REP2,D25-REP3 
DEBUG @ Wed, 19 Jul 2023 12:17:06: Converted index: 10 11 12 
INFO  @ Wed, 19 Jul 2023 12:17:06: Treatment samples:D25-REP1,D25-REP2,D25-REP3 
INFO  @ Wed, 19 Jul 2023 12:17:06: Treatment sample index:10,11,12 
DEBUG @ Wed, 19 Jul 2023 12:17:06: Given sample labels: D4-REP1,D4-REP2,D4-REP3 
DEBUG @ Wed, 19 Jul 2023 12:17:06: Converted index: 1 2 3 
INFO  @ Wed, 19 Jul 2023 12:17:06: Control samples:D4-REP1,D4-REP2,D4-REP3 
INFO  @ Wed, 19 Jul 2023 12:17:06: Control sample index:1,2,3 
DEBUG @ Wed, 19 Jul 2023 12:17:06: Initial (total) size factor: 3.1303302221518594 0.8560544079797896 0.9802943200343517 0.6600060577823942 1.3090075557329053 0.8242542444216232 
DEBUG @ Wed, 19 Jul 2023 12:17:06: Median factor: 3.738575360118325 0.8376219681923914 1.038443886791704 0.4951239511934702 1.0279441052854603 0.6447048601545495 
INFO  @ Wed, 19 Jul 2023 12:17:06: Final size factor: 3.738575360118325 0.8376219681923914 1.038443886791704 0.4951239511934702 1.0279441052854603 0.6447048601545495 
INFO  @ Wed, 19 Jul 2023 12:17:06: Writing normalized read counts to D25_D4_w_controls.normalized.txt 
INFO  @ Wed, 19 Jul 2023 12:17:06: Detecting outliers from variance estimation.. Avg read count:[209.3602201666262], Var: [19809398.124906138] 
INFO  @ Wed, 19 Jul 2023 12:17:06: Skipping 417 sgRNAs from variance calculation because of their extreme high counts (> 4* STD (mean counts) ). 
DEBUG @ Wed, 19 Jul 2023 12:17:06: Adjusted model: 1.74461139132614	0 
INFO  @ Wed, 19 Jul 2023 12:17:06: Before RRA, 1056 sgRNAs are removed with zero counts in both group(s). 
INFO  @ Wed, 19 Jul 2023 12:17:06: Use qnorm to reversely calculate sgRNA scores ... 
DEBUG @ Wed, 19 Jul 2023 12:17:07: lower test FDR cutoff: 0.3675844760484487 
DEBUG @ Wed, 19 Jul 2023 12:17:07: higher test FDR cutoff: 0.35947332048157715 
INFO  @ Wed, 19 Jul 2023 12:17:07: Running command: RRA -i D25_D4_w_controls.plow.txt -o D25_D4_w_controls.gene.low.txt -p 0.3675844760484487 --control /Users/samgould/Desktop/MaGeCK/neutral_pegs_v1.txt --skip-gene NA --skip-gene na  
INFO  @ Wed, 19 Jul 2023 12:17:14: Command message: 
INFO  @ Wed, 19 Jul 2023 12:17:14:   Welcome to RRA v 0.5.9. 
INFO  @ Wed, 19 Jul 2023 12:17:14:   31 control sequences loaded. 
INFO  @ Wed, 19 Jul 2023 12:17:14:   Skipping gene NA for permutation ... 
INFO  @ Wed, 19 Jul 2023 12:17:14:   Skipping gene na for permutation ... 
INFO  @ Wed, 19 Jul 2023 12:17:14:   Reading input file... 
INFO  @ Wed, 19 Jul 2023 12:17:14:   Summary: 27493 sgRNAs, 1227 genes, 1 lists; skipped sgRNAs:0 
INFO  @ Wed, 19 Jul 2023 12:17:14:   Computing lo-values for each group... 
INFO  @ Wed, 19 Jul 2023 12:17:14:   Skipping gene R174R_ctrl for permutation ... 
INFO  @ Wed, 19 Jul 2023 12:17:14:   Skipping gene A86A_ctrl for permutation ... 
INFO  @ Wed, 19 Jul 2023 12:17:14:   Skipping gene T170T_ctrl for permutation ... 
INFO  @ Wed, 19 Jul 2023 12:17:14:   Skipping gene P82P_ctrl for permutation ... 
INFO  @ Wed, 19 Jul 2023 12:17:14:   Skipping gene D42D_ctrl for permutation ... 
INFO  @ Wed, 19 Jul 2023 12:17:14:   Skipping gene F270F_ctrl for permutation ... 
INFO  @ Wed, 19 Jul 2023 12:17:14:   Skipping gene T230T_ctrl for permutation ... 
INFO  @ Wed, 19 Jul 2023 12:17:14:   Skipping gene S90S_ctrl for permutation ... 
INFO  @ Wed, 19 Jul 2023 12:17:14:   Skipping gene G262G_ctrl for permutation ... 
INFO  @ Wed, 19 Jul 2023 12:17:14:   Skipping gene N310N_ctrl for permutation ... 
INFO  @ Wed, 19 Jul 2023 12:17:14:   Skipping gene P58P_ctrl for permutation ... 
INFO  @ Wed, 19 Jul 2023 12:17:14:   Skipping gene A70A_ctrl for permutation ... 
INFO  @ Wed, 19 Jul 2023 12:17:14:   Skipping gene G266G_ctrl for permutation ... 
INFO  @ Wed, 19 Jul 2023 12:17:14:   Skipping gene P390P_ctrl for permutation ... 
INFO  @ Wed, 19 Jul 2023 12:17:14:   Skipping gene E346E_ctrl for permutation ... 
INFO  @ Wed, 19 Jul 2023 12:17:14:   Skipping gene E326E_ctrl for permutation ... 
INFO  @ Wed, 19 Jul 2023 12:17:14:   Skipping gene P322P_ctrl for permutation ... 
INFO  @ Wed, 19 Jul 2023 12:17:14:   Warning: sgRNA  not found in the ranked list.  
INFO  @ Wed, 19 Jul 2023 12:17:14:   Computing false discovery rate... 
INFO  @ Wed, 19 Jul 2023 12:17:14:   Total # control sgRNAs: 30 
INFO  @ Wed, 19 Jul 2023 12:17:14:   Permuting genes with 1 sgRNAs... 
INFO  @ Wed, 19 Jul 2023 12:17:14:   Permuting genes with 2 sgRNAs... 
INFO  @ Wed, 19 Jul 2023 12:17:14:   Permuting genes with 3 sgRNAs... 
INFO  @ Wed, 19 Jul 2023 12:17:14:   Permuting genes with 4 sgRNAs... 
INFO  @ Wed, 19 Jul 2023 12:17:14:   Permuting genes with 5 sgRNAs... 
INFO  @ Wed, 19 Jul 2023 12:17:14:   Permuting genes with 6 sgRNAs... 
INFO  @ Wed, 19 Jul 2023 12:17:14:   Permuting genes with 7 sgRNAs... 
INFO  @ Wed, 19 Jul 2023 12:17:14:   Permuting genes with 8 sgRNAs... 
INFO  @ Wed, 19 Jul 2023 12:17:14:   Permuting genes with 9 sgRNAs... 
INFO  @ Wed, 19 Jul 2023 12:17:14:   Permuting genes with 10 sgRNAs... 
INFO  @ Wed, 19 Jul 2023 12:17:14:   Permuting genes with 11 sgRNAs... 
INFO  @ Wed, 19 Jul 2023 12:17:14:   Permuting genes with 12 sgRNAs... 
INFO  @ Wed, 19 Jul 2023 12:17:14:   Permuting genes with 13 sgRNAs... 
INFO  @ Wed, 19 Jul 2023 12:17:14:   Permuting genes with 14 sgRNAs... 
INFO  @ Wed, 19 Jul 2023 12:17:14:   Permuting genes with 15 sgRNAs... 
INFO  @ Wed, 19 Jul 2023 12:17:14:   Permuting genes with 16 sgRNAs... 
INFO  @ Wed, 19 Jul 2023 12:17:14:   Permuting genes with 17 sgRNAs... 
INFO  @ Wed, 19 Jul 2023 12:17:14:   Permuting genes with 18 sgRNAs... 
INFO  @ Wed, 19 Jul 2023 12:17:14:   Permuting genes with 19 sgRNAs... 
INFO  @ Wed, 19 Jul 2023 12:17:14:   Permuting genes with 20 sgRNAs... 
INFO  @ Wed, 19 Jul 2023 12:17:14:   Permuting genes with 21 sgRNAs... 
INFO  @ Wed, 19 Jul 2023 12:17:14:   Permuting genes with 22 sgRNAs... 
INFO  @ Wed, 19 Jul 2023 12:17:14:   Permuting genes with 23 sgRNAs... 
INFO  @ Wed, 19 Jul 2023 12:17:14:   Permuting genes with 24 sgRNAs... 
INFO  @ Wed, 19 Jul 2023 12:17:14:   Permuting genes with 25 sgRNAs... 
INFO  @ Wed, 19 Jul 2023 12:17:14:   Permuting genes with 26 sgRNAs... 
INFO  @ Wed, 19 Jul 2023 12:17:14:   Permuting genes with 27 sgRNAs... 
INFO  @ Wed, 19 Jul 2023 12:17:14:   Permuting genes with 28 sgRNAs... 
INFO  @ Wed, 19 Jul 2023 12:17:14:   Permuting genes with 29 sgRNAs... 
INFO  @ Wed, 19 Jul 2023 12:17:14:   Permuting genes with 30 sgRNAs... 
INFO  @ Wed, 19 Jul 2023 12:17:14:   Permuting genes with 31 sgRNAs... 
INFO  @ Wed, 19 Jul 2023 12:17:14:   Permuting genes with 35 sgRNAs... 
INFO  @ Wed, 19 Jul 2023 12:17:14:   Permuting genes with 39 sgRNAs... 
INFO  @ Wed, 19 Jul 2023 12:17:14:   Permuting genes with 50 sgRNAs... 
INFO  @ Wed, 19 Jul 2023 12:17:14:   Permuting genes with 54 sgRNAs... 
INFO  @ Wed, 19 Jul 2023 12:17:14:   Permuting genes with 56 sgRNAs... 
INFO  @ Wed, 19 Jul 2023 12:17:14:   Permuting genes with 59 sgRNAs... 
INFO  @ Wed, 19 Jul 2023 12:17:14:   Permuting genes with 60 sgRNAs... 
INFO  @ Wed, 19 Jul 2023 12:17:14:   Number of genes under FDR adjustment: 1227 
INFO  @ Wed, 19 Jul 2023 12:17:14:   Saving to output file... 
INFO  @ Wed, 19 Jul 2023 12:17:14:   Suppressing the output of gene R174R_ctrl since it is negative ontrol genes. 
INFO  @ Wed, 19 Jul 2023 12:17:14:   Suppressing the output of gene T170T_ctrl since it is negative ontrol genes. 
INFO  @ Wed, 19 Jul 2023 12:17:14:   Suppressing the output of gene A86A_ctrl since it is negative ontrol genes. 
INFO  @ Wed, 19 Jul 2023 12:17:14:   Suppressing the output of gene P82P_ctrl since it is negative ontrol genes. 
INFO  @ Wed, 19 Jul 2023 12:17:14:   Suppressing the output of gene D42D_ctrl since it is negative ontrol genes. 
INFO  @ Wed, 19 Jul 2023 12:17:14:   Suppressing the output of gene F270F_ctrl since it is negative ontrol genes. 
INFO  @ Wed, 19 Jul 2023 12:17:14:   Suppressing the output of gene T230T_ctrl since it is negative ontrol genes. 
INFO  @ Wed, 19 Jul 2023 12:17:14:   Suppressing the output of gene S90S_ctrl since it is negative ontrol genes. 
INFO  @ Wed, 19 Jul 2023 12:17:14:   Suppressing the output of gene N310N_ctrl since it is negative ontrol genes. 
INFO  @ Wed, 19 Jul 2023 12:17:14:   Suppressing the output of gene P58P_ctrl since it is negative ontrol genes. 
INFO  @ Wed, 19 Jul 2023 12:17:14:   Suppressing the output of gene G266G_ctrl since it is negative ontrol genes. 
INFO  @ Wed, 19 Jul 2023 12:17:14:   Suppressing the output of gene P390P_ctrl since it is negative ontrol genes. 
INFO  @ Wed, 19 Jul 2023 12:17:14:   Suppressing the output of gene E346E_ctrl since it is negative ontrol genes. 
INFO  @ Wed, 19 Jul 2023 12:17:14:   Suppressing the output of gene A70A_ctrl since it is negative ontrol genes. 
INFO  @ Wed, 19 Jul 2023 12:17:14:   Suppressing the output of gene P322P_ctrl since it is negative ontrol genes. 
INFO  @ Wed, 19 Jul 2023 12:17:14:   Suppressing the output of gene G262G_ctrl since it is negative ontrol genes. 
INFO  @ Wed, 19 Jul 2023 12:17:14:   Suppressing the output of gene E326E_ctrl since it is negative ontrol genes. 
INFO  @ Wed, 19 Jul 2023 12:17:14:   RRA completed. 
INFO  @ Wed, 19 Jul 2023 12:17:14:   Groups deletion complete. 
INFO  @ Wed, 19 Jul 2023 12:17:14:   Lists deletion complete. 
INFO  @ Wed, 19 Jul 2023 12:17:14:   ControlSeqPercentile deletion complete. 
INFO  @ Wed, 19 Jul 2023 12:17:14:    
INFO  @ Wed, 19 Jul 2023 12:17:14: End command message. 
INFO  @ Wed, 19 Jul 2023 12:17:14: Running command: RRA -i D25_D4_w_controls.phigh.txt -o D25_D4_w_controls.gene.high.txt -p 0.35947332048157715 --control /Users/samgould/Desktop/MaGeCK/neutral_pegs_v1.txt --skip-gene NA --skip-gene na  
INFO  @ Wed, 19 Jul 2023 12:17:22: Command message: 
INFO  @ Wed, 19 Jul 2023 12:17:22:   Welcome to RRA v 0.5.9. 
INFO  @ Wed, 19 Jul 2023 12:17:22:   31 control sequences loaded. 
INFO  @ Wed, 19 Jul 2023 12:17:22:   Skipping gene NA for permutation ... 
INFO  @ Wed, 19 Jul 2023 12:17:22:   Skipping gene na for permutation ... 
INFO  @ Wed, 19 Jul 2023 12:17:22:   Reading input file... 
INFO  @ Wed, 19 Jul 2023 12:17:22:   Summary: 27493 sgRNAs, 1227 genes, 1 lists; skipped sgRNAs:0 
INFO  @ Wed, 19 Jul 2023 12:17:22:   Computing lo-values for each group... 
INFO  @ Wed, 19 Jul 2023 12:17:22:   Skipping gene P322P_ctrl for permutation ... 
INFO  @ Wed, 19 Jul 2023 12:17:22:   Skipping gene E326E_ctrl for permutation ... 
INFO  @ Wed, 19 Jul 2023 12:17:22:   Skipping gene E346E_ctrl for permutation ... 
INFO  @ Wed, 19 Jul 2023 12:17:22:   Skipping gene P390P_ctrl for permutation ... 
INFO  @ Wed, 19 Jul 2023 12:17:22:   Skipping gene G262G_ctrl for permutation ... 
INFO  @ Wed, 19 Jul 2023 12:17:22:   Skipping gene A70A_ctrl for permutation ... 
INFO  @ Wed, 19 Jul 2023 12:17:22:   Skipping gene G266G_ctrl for permutation ... 
INFO  @ Wed, 19 Jul 2023 12:17:22:   Skipping gene P58P_ctrl for permutation ... 
INFO  @ Wed, 19 Jul 2023 12:17:22:   Skipping gene N310N_ctrl for permutation ... 
INFO  @ Wed, 19 Jul 2023 12:17:22:   Skipping gene S90S_ctrl for permutation ... 
INFO  @ Wed, 19 Jul 2023 12:17:22:   Skipping gene T230T_ctrl for permutation ... 
INFO  @ Wed, 19 Jul 2023 12:17:22:   Skipping gene A86A_ctrl for permutation ... 
INFO  @ Wed, 19 Jul 2023 12:17:22:   Skipping gene F270F_ctrl for permutation ... 
INFO  @ Wed, 19 Jul 2023 12:17:22:   Skipping gene D42D_ctrl for permutation ... 
INFO  @ Wed, 19 Jul 2023 12:17:22:   Skipping gene P82P_ctrl for permutation ... 
INFO  @ Wed, 19 Jul 2023 12:17:22:   Skipping gene T170T_ctrl for permutation ... 
INFO  @ Wed, 19 Jul 2023 12:17:22:   Skipping gene R174R_ctrl for permutation ... 
INFO  @ Wed, 19 Jul 2023 12:17:22:   Warning: sgRNA  not found in the ranked list.  
INFO  @ Wed, 19 Jul 2023 12:17:22:   Computing false discovery rate... 
INFO  @ Wed, 19 Jul 2023 12:17:22:   Total # control sgRNAs: 30 
INFO  @ Wed, 19 Jul 2023 12:17:22:   Permuting genes with 1 sgRNAs... 
INFO  @ Wed, 19 Jul 2023 12:17:22:   Permuting genes with 2 sgRNAs... 
INFO  @ Wed, 19 Jul 2023 12:17:22:   Permuting genes with 3 sgRNAs... 
INFO  @ Wed, 19 Jul 2023 12:17:22:   Permuting genes with 4 sgRNAs... 
INFO  @ Wed, 19 Jul 2023 12:17:22:   Permuting genes with 5 sgRNAs... 
INFO  @ Wed, 19 Jul 2023 12:17:22:   Permuting genes with 6 sgRNAs... 
INFO  @ Wed, 19 Jul 2023 12:17:22:   Permuting genes with 7 sgRNAs... 
INFO  @ Wed, 19 Jul 2023 12:17:22:   Permuting genes with 8 sgRNAs... 
INFO  @ Wed, 19 Jul 2023 12:17:22:   Permuting genes with 9 sgRNAs... 
INFO  @ Wed, 19 Jul 2023 12:17:22:   Permuting genes with 10 sgRNAs... 
INFO  @ Wed, 19 Jul 2023 12:17:22:   Permuting genes with 11 sgRNAs... 
INFO  @ Wed, 19 Jul 2023 12:17:22:   Permuting genes with 12 sgRNAs... 
INFO  @ Wed, 19 Jul 2023 12:17:22:   Permuting genes with 13 sgRNAs... 
INFO  @ Wed, 19 Jul 2023 12:17:22:   Permuting genes with 14 sgRNAs... 
INFO  @ Wed, 19 Jul 2023 12:17:22:   Permuting genes with 15 sgRNAs... 
INFO  @ Wed, 19 Jul 2023 12:17:22:   Permuting genes with 16 sgRNAs... 
INFO  @ Wed, 19 Jul 2023 12:17:22:   Permuting genes with 17 sgRNAs... 
INFO  @ Wed, 19 Jul 2023 12:17:22:   Permuting genes with 18 sgRNAs... 
INFO  @ Wed, 19 Jul 2023 12:17:22:   Permuting genes with 19 sgRNAs... 
INFO  @ Wed, 19 Jul 2023 12:17:22:   Permuting genes with 20 sgRNAs... 
INFO  @ Wed, 19 Jul 2023 12:17:22:   Permuting genes with 21 sgRNAs... 
INFO  @ Wed, 19 Jul 2023 12:17:22:   Permuting genes with 22 sgRNAs... 
INFO  @ Wed, 19 Jul 2023 12:17:22:   Permuting genes with 23 sgRNAs... 
INFO  @ Wed, 19 Jul 2023 12:17:22:   Permuting genes with 24 sgRNAs... 
INFO  @ Wed, 19 Jul 2023 12:17:22:   Permuting genes with 25 sgRNAs... 
INFO  @ Wed, 19 Jul 2023 12:17:22:   Permuting genes with 26 sgRNAs... 
INFO  @ Wed, 19 Jul 2023 12:17:22:   Permuting genes with 27 sgRNAs... 
INFO  @ Wed, 19 Jul 2023 12:17:22:   Permuting genes with 28 sgRNAs... 
INFO  @ Wed, 19 Jul 2023 12:17:22:   Permuting genes with 29 sgRNAs... 
INFO  @ Wed, 19 Jul 2023 12:17:22:   Permuting genes with 30 sgRNAs... 
INFO  @ Wed, 19 Jul 2023 12:17:22:   Permuting genes with 31 sgRNAs... 
INFO  @ Wed, 19 Jul 2023 12:17:22:   Permuting genes with 35 sgRNAs... 
INFO  @ Wed, 19 Jul 2023 12:17:22:   Permuting genes with 39 sgRNAs... 
INFO  @ Wed, 19 Jul 2023 12:17:22:   Permuting genes with 50 sgRNAs... 
INFO  @ Wed, 19 Jul 2023 12:17:22:   Permuting genes with 54 sgRNAs... 
INFO  @ Wed, 19 Jul 2023 12:17:22:   Permuting genes with 56 sgRNAs... 
INFO  @ Wed, 19 Jul 2023 12:17:22:   Permuting genes with 59 sgRNAs... 
INFO  @ Wed, 19 Jul 2023 12:17:22:   Permuting genes with 60 sgRNAs... 
INFO  @ Wed, 19 Jul 2023 12:17:22:   Number of genes under FDR adjustment: 1227 
INFO  @ Wed, 19 Jul 2023 12:17:22:   Saving to output file... 
INFO  @ Wed, 19 Jul 2023 12:17:22:   Suppressing the output of gene E326E_ctrl since it is negative ontrol genes. 
INFO  @ Wed, 19 Jul 2023 12:17:22:   Suppressing the output of gene P322P_ctrl since it is negative ontrol genes. 
INFO  @ Wed, 19 Jul 2023 12:17:22:   Suppressing the output of gene A70A_ctrl since it is negative ontrol genes. 
INFO  @ Wed, 19 Jul 2023 12:17:22:   Suppressing the output of gene E346E_ctrl since it is negative ontrol genes. 
INFO  @ Wed, 19 Jul 2023 12:17:22:   Suppressing the output of gene P390P_ctrl since it is negative ontrol genes. 
INFO  @ Wed, 19 Jul 2023 12:17:22:   Suppressing the output of gene G266G_ctrl since it is negative ontrol genes. 
INFO  @ Wed, 19 Jul 2023 12:17:22:   Suppressing the output of gene P58P_ctrl since it is negative ontrol genes. 
INFO  @ Wed, 19 Jul 2023 12:17:22:   Suppressing the output of gene N310N_ctrl since it is negative ontrol genes. 
INFO  @ Wed, 19 Jul 2023 12:17:22:   Suppressing the output of gene S90S_ctrl since it is negative ontrol genes. 
INFO  @ Wed, 19 Jul 2023 12:17:22:   Suppressing the output of gene G262G_ctrl since it is negative ontrol genes. 
INFO  @ Wed, 19 Jul 2023 12:17:22:   Suppressing the output of gene T230T_ctrl since it is negative ontrol genes. 
INFO  @ Wed, 19 Jul 2023 12:17:22:   Suppressing the output of gene F270F_ctrl since it is negative ontrol genes. 
INFO  @ Wed, 19 Jul 2023 12:17:22:   Suppressing the output of gene D42D_ctrl since it is negative ontrol genes. 
INFO  @ Wed, 19 Jul 2023 12:17:22:   Suppressing the output of gene P82P_ctrl since it is negative ontrol genes. 
INFO  @ Wed, 19 Jul 2023 12:17:22:   Suppressing the output of gene A86A_ctrl since it is negative ontrol genes. 
INFO  @ Wed, 19 Jul 2023 12:17:22:   Suppressing the output of gene T170T_ctrl since it is negative ontrol genes. 
INFO  @ Wed, 19 Jul 2023 12:17:22:   Suppressing the output of gene R174R_ctrl since it is negative ontrol genes. 
INFO  @ Wed, 19 Jul 2023 12:17:22:   RRA completed. 
INFO  @ Wed, 19 Jul 2023 12:17:22:   Groups deletion complete. 
INFO  @ Wed, 19 Jul 2023 12:17:22:   Lists deletion complete. 
INFO  @ Wed, 19 Jul 2023 12:17:22:   ControlSeqPercentile deletion complete. 
INFO  @ Wed, 19 Jul 2023 12:17:22:    
INFO  @ Wed, 19 Jul 2023 12:17:22: End command message. 
DEBUG @ Wed, 19 Jul 2023 12:17:22: Sorting the merged items by negative selection... 
INFO  @ Wed, 19 Jul 2023 12:17:22: Loading top 10 genes from D25_D4_w_controls.gene.low.txt: V172A,V173A,R174R,H179PfsTer2,R174W,V173E,E171Ter,V172D,E171G,G244D 
DEBUG @ Wed, 19 Jul 2023 12:17:22: Column index:3 
INFO  @ Wed, 19 Jul 2023 12:17:22: Loading top 10 genes from D25_D4_w_controls.gene.high.txt: V197L,G199Ter,L22L,G199EfsTer48,Q331H,D393N,R196P,D208N,V97CfsTer52,N200IfsTer47 
DEBUG @ Wed, 19 Jul 2023 12:17:22: Column index:9 
INFO  @ Wed, 19 Jul 2023 12:17:23: Running command: rm D25_D4_w_controls.plow.txt 
INFO  @ Wed, 19 Jul 2023 12:17:23: Running command: rm D25_D4_w_controls.phigh.txt 
INFO  @ Wed, 19 Jul 2023 12:17:23: Running command: rm D25_D4_w_controls.gene.low.txt 
INFO  @ Wed, 19 Jul 2023 12:17:23: Running command: rm D25_D4_w_controls.gene.high.txt 
