INFO  @ Wed, 19 Jul 2023 12:28:13: Parameters: /Users/samgould/opt/anaconda3/envs/mageckenv/bin/mageck test -k /Users/samgould/Desktop/MaGeCK/counts_w_neutrals_v1.txt -t D16-NUT-REP1,D16-NUT-REP2,D16-NUT-REP3 -c D4-REP1,D4-REP2,D4-REP3 --control-sgrna /Users/samgould/Desktop/MaGeCK/neutral_pegs_v1.txt --normcounts-to-file -n D16_NUT_D4_w_controls 
INFO  @ Wed, 19 Jul 2023 12:28:13: Welcome to MAGeCK v0.5.9.5. Command: test 
INFO  @ Wed, 19 Jul 2023 12:28:13: Loading count table from /Users/samgould/Desktop/MaGeCK/counts_w_neutrals_v1.txt  
INFO  @ Wed, 19 Jul 2023 12:28:13: Processing 1 lines.. 
DEBUG @ Wed, 19 Jul 2023 12:28:13: Parsing error in line 1 (usually the header line). Skip this line. 
INFO  @ Wed, 19 Jul 2023 12:28:13: Loaded 28549 records. 
INFO  @ Wed, 19 Jul 2023 12:28:13: 30 out of 30 control sgRNAs are found in count table. 
INFO  @ Wed, 19 Jul 2023 12:28:13: Loading Rnw template file: /Users/samgould/opt/anaconda3/envs/mageckenv/lib/python3.10/site-packages/mageck/test_report.Rmd. 
DEBUG @ Wed, 19 Jul 2023 12:28:13: Setting up the visualization module... 
INFO  @ Wed, 19 Jul 2023 12:28:13: Loading R template file: /Users/samgould/opt/anaconda3/envs/mageckenv/lib/python3.10/site-packages/mageck/plot_template.RTemplate. 
INFO  @ Wed, 19 Jul 2023 12:28:13: Loading R template file: /Users/samgould/opt/anaconda3/envs/mageckenv/lib/python3.10/site-packages/mageck/plot_template_indvgene.RTemplate. 
INFO  @ Wed, 19 Jul 2023 12:28:13: Loading Rnw template file: /Users/samgould/opt/anaconda3/envs/mageckenv/lib/python3.10/site-packages/mageck/plot_template.Rnw. 
DEBUG @ Wed, 19 Jul 2023 12:28:13: Setting up the visualization module... 
DEBUG @ Wed, 19 Jul 2023 12:28:13: Given sample labels: D16-NUT-REP1,D16-NUT-REP2,D16-NUT-REP3 
DEBUG @ Wed, 19 Jul 2023 12:28:13: Converted index: 7 8 9 
INFO  @ Wed, 19 Jul 2023 12:28:13: Treatment samples:D16-NUT-REP1,D16-NUT-REP2,D16-NUT-REP3 
INFO  @ Wed, 19 Jul 2023 12:28:13: Treatment sample index:7,8,9 
DEBUG @ Wed, 19 Jul 2023 12:28:13: Given sample labels: D4-REP1,D4-REP2,D4-REP3 
DEBUG @ Wed, 19 Jul 2023 12:28:13: Converted index: 1 2 3 
INFO  @ Wed, 19 Jul 2023 12:28:13: Control samples:D4-REP1,D4-REP2,D4-REP3 
INFO  @ Wed, 19 Jul 2023 12:28:13: Control sample index:1,2,3 
DEBUG @ Wed, 19 Jul 2023 12:28:13: Initial (total) size factor: 3.1013425270576547 0.84812711520187 0.9712165324416412 0.7655624443891763 0.9710956933529953 0.8827214995860829 
DEBUG @ Wed, 19 Jul 2023 12:28:14: Median factor: 2.608323041239805 0.5707277056455107 0.7323764955668993 0.858925675324492 1.4217612787554017 0.8918187289755539 
INFO  @ Wed, 19 Jul 2023 12:28:14: Final size factor: 2.608323041239805 0.5707277056455107 0.7323764955668993 0.858925675324492 1.4217612787554017 0.8918187289755539 
INFO  @ Wed, 19 Jul 2023 12:28:14: Writing normalized read counts to D16_NUT_D4_w_controls.normalized.txt 
INFO  @ Wed, 19 Jul 2023 12:28:14: Detecting outliers from variance estimation.. Avg read count:[146.06609030942906], Var: [9658865.169032976] 
INFO  @ Wed, 19 Jul 2023 12:28:14: Skipping 409 sgRNAs from variance calculation because of their extreme high counts (> 4* STD (mean counts) ). 
DEBUG @ Wed, 19 Jul 2023 12:28:14: Adjusted model: 1.7391973206384068	0 
INFO  @ Wed, 19 Jul 2023 12:28:14: Before RRA, 1365 sgRNAs are removed with zero counts in both group(s). 
INFO  @ Wed, 19 Jul 2023 12:28:14: Use qnorm to reversely calculate sgRNA scores ... 
DEBUG @ Wed, 19 Jul 2023 12:28:14: lower test FDR cutoff: 0.3720570924072984 
DEBUG @ Wed, 19 Jul 2023 12:28:14: higher test FDR cutoff: 0.3502795762213067 
INFO  @ Wed, 19 Jul 2023 12:28:15: Running command: RRA -i D16_NUT_D4_w_controls.plow.txt -o D16_NUT_D4_w_controls.gene.low.txt -p 0.3720570924072984 --control /Users/samgould/Desktop/MaGeCK/neutral_pegs_v1.txt --skip-gene NA --skip-gene na  
INFO  @ Wed, 19 Jul 2023 12:28:23: Command message: 
INFO  @ Wed, 19 Jul 2023 12:28:23:   Welcome to RRA v 0.5.9. 
INFO  @ Wed, 19 Jul 2023 12:28:23:   31 control sequences loaded. 
INFO  @ Wed, 19 Jul 2023 12:28:23:   Skipping gene NA for permutation ... 
INFO  @ Wed, 19 Jul 2023 12:28:23:   Skipping gene na for permutation ... 
INFO  @ Wed, 19 Jul 2023 12:28:23:   Reading input file... 
INFO  @ Wed, 19 Jul 2023 12:28:23:   Summary: 27184 sgRNAs, 1227 genes, 1 lists; skipped sgRNAs:0 
INFO  @ Wed, 19 Jul 2023 12:28:23:   Computing lo-values for each group... 
INFO  @ Wed, 19 Jul 2023 12:28:23:   Skipping gene R174R_ctrl for permutation ... 
INFO  @ Wed, 19 Jul 2023 12:28:23:   Skipping gene A86A_ctrl for permutation ... 
INFO  @ Wed, 19 Jul 2023 12:28:23:   Skipping gene P82P_ctrl for permutation ... 
INFO  @ Wed, 19 Jul 2023 12:28:23:   Skipping gene T170T_ctrl for permutation ... 
INFO  @ Wed, 19 Jul 2023 12:28:23:   Skipping gene S90S_ctrl for permutation ... 
INFO  @ Wed, 19 Jul 2023 12:28:23:   Skipping gene A70A_ctrl for permutation ... 
INFO  @ Wed, 19 Jul 2023 12:28:23:   Skipping gene P58P_ctrl for permutation ... 
INFO  @ Wed, 19 Jul 2023 12:28:23:   Skipping gene G266G_ctrl for permutation ... 
INFO  @ Wed, 19 Jul 2023 12:28:23:   Skipping gene D42D_ctrl for permutation ... 
INFO  @ Wed, 19 Jul 2023 12:28:23:   Skipping gene T230T_ctrl for permutation ... 
INFO  @ Wed, 19 Jul 2023 12:28:23:   Skipping gene G262G_ctrl for permutation ... 
INFO  @ Wed, 19 Jul 2023 12:28:23:   Skipping gene P322P_ctrl for permutation ... 
INFO  @ Wed, 19 Jul 2023 12:28:23:   Skipping gene E346E_ctrl for permutation ... 
INFO  @ Wed, 19 Jul 2023 12:28:23:   Skipping gene F270F_ctrl for permutation ... 
INFO  @ Wed, 19 Jul 2023 12:28:23:   Skipping gene N310N_ctrl for permutation ... 
INFO  @ Wed, 19 Jul 2023 12:28:23:   Skipping gene E326E_ctrl for permutation ... 
INFO  @ Wed, 19 Jul 2023 12:28:23:   Skipping gene P390P_ctrl for permutation ... 
INFO  @ Wed, 19 Jul 2023 12:28:23:   Warning: sgRNA  not found in the ranked list.  
INFO  @ Wed, 19 Jul 2023 12:28:23:   Computing false discovery rate... 
INFO  @ Wed, 19 Jul 2023 12:28:23:   Total # control sgRNAs: 30 
INFO  @ Wed, 19 Jul 2023 12:28:23:   Permuting genes with 1 sgRNAs... 
INFO  @ Wed, 19 Jul 2023 12:28:23:   Permuting genes with 2 sgRNAs... 
INFO  @ Wed, 19 Jul 2023 12:28:23:   Permuting genes with 3 sgRNAs... 
INFO  @ Wed, 19 Jul 2023 12:28:23:   Permuting genes with 4 sgRNAs... 
INFO  @ Wed, 19 Jul 2023 12:28:23:   Permuting genes with 5 sgRNAs... 
INFO  @ Wed, 19 Jul 2023 12:28:23:   Permuting genes with 6 sgRNAs... 
INFO  @ Wed, 19 Jul 2023 12:28:23:   Permuting genes with 7 sgRNAs... 
INFO  @ Wed, 19 Jul 2023 12:28:23:   Permuting genes with 8 sgRNAs... 
INFO  @ Wed, 19 Jul 2023 12:28:23:   Permuting genes with 9 sgRNAs... 
INFO  @ Wed, 19 Jul 2023 12:28:23:   Permuting genes with 10 sgRNAs... 
INFO  @ Wed, 19 Jul 2023 12:28:23:   Permuting genes with 11 sgRNAs... 
INFO  @ Wed, 19 Jul 2023 12:28:23:   Permuting genes with 12 sgRNAs... 
INFO  @ Wed, 19 Jul 2023 12:28:23:   Permuting genes with 13 sgRNAs... 
INFO  @ Wed, 19 Jul 2023 12:28:23:   Permuting genes with 14 sgRNAs... 
INFO  @ Wed, 19 Jul 2023 12:28:23:   Permuting genes with 15 sgRNAs... 
INFO  @ Wed, 19 Jul 2023 12:28:23:   Permuting genes with 16 sgRNAs... 
INFO  @ Wed, 19 Jul 2023 12:28:23:   Permuting genes with 17 sgRNAs... 
INFO  @ Wed, 19 Jul 2023 12:28:23:   Permuting genes with 18 sgRNAs... 
INFO  @ Wed, 19 Jul 2023 12:28:23:   Permuting genes with 19 sgRNAs... 
INFO  @ Wed, 19 Jul 2023 12:28:23:   Permuting genes with 20 sgRNAs... 
INFO  @ Wed, 19 Jul 2023 12:28:23:   Permuting genes with 21 sgRNAs... 
INFO  @ Wed, 19 Jul 2023 12:28:23:   Permuting genes with 22 sgRNAs... 
INFO  @ Wed, 19 Jul 2023 12:28:23:   Permuting genes with 23 sgRNAs... 
INFO  @ Wed, 19 Jul 2023 12:28:23:   Permuting genes with 24 sgRNAs... 
INFO  @ Wed, 19 Jul 2023 12:28:23:   Permuting genes with 25 sgRNAs... 
INFO  @ Wed, 19 Jul 2023 12:28:23:   Permuting genes with 26 sgRNAs... 
INFO  @ Wed, 19 Jul 2023 12:28:23:   Permuting genes with 27 sgRNAs... 
INFO  @ Wed, 19 Jul 2023 12:28:23:   Permuting genes with 28 sgRNAs... 
INFO  @ Wed, 19 Jul 2023 12:28:23:   Permuting genes with 29 sgRNAs... 
INFO  @ Wed, 19 Jul 2023 12:28:23:   Permuting genes with 30 sgRNAs... 
INFO  @ Wed, 19 Jul 2023 12:28:23:   Permuting genes with 31 sgRNAs... 
INFO  @ Wed, 19 Jul 2023 12:28:23:   Permuting genes with 34 sgRNAs... 
INFO  @ Wed, 19 Jul 2023 12:28:23:   Permuting genes with 38 sgRNAs... 
INFO  @ Wed, 19 Jul 2023 12:28:23:   Permuting genes with 48 sgRNAs... 
INFO  @ Wed, 19 Jul 2023 12:28:23:   Permuting genes with 54 sgRNAs... 
INFO  @ Wed, 19 Jul 2023 12:28:23:   Permuting genes with 56 sgRNAs... 
INFO  @ Wed, 19 Jul 2023 12:28:23:   Permuting genes with 59 sgRNAs... 
INFO  @ Wed, 19 Jul 2023 12:28:23:   Permuting genes with 60 sgRNAs... 
INFO  @ Wed, 19 Jul 2023 12:28:23:   Number of genes under FDR adjustment: 1227 
INFO  @ Wed, 19 Jul 2023 12:28:23:   Saving to output file... 
INFO  @ Wed, 19 Jul 2023 12:28:23:   Suppressing the output of gene R174R_ctrl since it is negative ontrol genes. 
INFO  @ Wed, 19 Jul 2023 12:28:23:   Suppressing the output of gene A86A_ctrl since it is negative ontrol genes. 
INFO  @ Wed, 19 Jul 2023 12:28:23:   Suppressing the output of gene T170T_ctrl since it is negative ontrol genes. 
INFO  @ Wed, 19 Jul 2023 12:28:23:   Suppressing the output of gene P82P_ctrl since it is negative ontrol genes. 
INFO  @ Wed, 19 Jul 2023 12:28:23:   Suppressing the output of gene S90S_ctrl since it is negative ontrol genes. 
INFO  @ Wed, 19 Jul 2023 12:28:23:   Suppressing the output of gene P58P_ctrl since it is negative ontrol genes. 
INFO  @ Wed, 19 Jul 2023 12:28:23:   Suppressing the output of gene G266G_ctrl since it is negative ontrol genes. 
INFO  @ Wed, 19 Jul 2023 12:28:23:   Suppressing the output of gene D42D_ctrl since it is negative ontrol genes. 
INFO  @ Wed, 19 Jul 2023 12:28:23:   Suppressing the output of gene T230T_ctrl since it is negative ontrol genes. 
INFO  @ Wed, 19 Jul 2023 12:28:23:   Suppressing the output of gene P322P_ctrl since it is negative ontrol genes. 
INFO  @ Wed, 19 Jul 2023 12:28:23:   Suppressing the output of gene E346E_ctrl since it is negative ontrol genes. 
INFO  @ Wed, 19 Jul 2023 12:28:23:   Suppressing the output of gene A70A_ctrl since it is negative ontrol genes. 
INFO  @ Wed, 19 Jul 2023 12:28:23:   Suppressing the output of gene F270F_ctrl since it is negative ontrol genes. 
INFO  @ Wed, 19 Jul 2023 12:28:23:   Suppressing the output of gene N310N_ctrl since it is negative ontrol genes. 
INFO  @ Wed, 19 Jul 2023 12:28:23:   Suppressing the output of gene P390P_ctrl since it is negative ontrol genes. 
INFO  @ Wed, 19 Jul 2023 12:28:23:   Suppressing the output of gene E326E_ctrl since it is negative ontrol genes. 
INFO  @ Wed, 19 Jul 2023 12:28:23:   Suppressing the output of gene G262G_ctrl since it is negative ontrol genes. 
INFO  @ Wed, 19 Jul 2023 12:28:23:   RRA completed. 
INFO  @ Wed, 19 Jul 2023 12:28:23:   Groups deletion complete. 
INFO  @ Wed, 19 Jul 2023 12:28:23:   Lists deletion complete. 
INFO  @ Wed, 19 Jul 2023 12:28:23:   ControlSeqPercentile deletion complete. 
INFO  @ Wed, 19 Jul 2023 12:28:23:    
INFO  @ Wed, 19 Jul 2023 12:28:23: End command message. 
INFO  @ Wed, 19 Jul 2023 12:28:23: Running command: RRA -i D16_NUT_D4_w_controls.phigh.txt -o D16_NUT_D4_w_controls.gene.high.txt -p 0.3502795762213067 --control /Users/samgould/Desktop/MaGeCK/neutral_pegs_v1.txt --skip-gene NA --skip-gene na  
INFO  @ Wed, 19 Jul 2023 12:28:30: Command message: 
INFO  @ Wed, 19 Jul 2023 12:28:30:   Welcome to RRA v 0.5.9. 
INFO  @ Wed, 19 Jul 2023 12:28:30:   31 control sequences loaded. 
INFO  @ Wed, 19 Jul 2023 12:28:30:   Skipping gene NA for permutation ... 
INFO  @ Wed, 19 Jul 2023 12:28:30:   Skipping gene na for permutation ... 
INFO  @ Wed, 19 Jul 2023 12:28:30:   Reading input file... 
INFO  @ Wed, 19 Jul 2023 12:28:30:   Summary: 27184 sgRNAs, 1227 genes, 1 lists; skipped sgRNAs:0 
INFO  @ Wed, 19 Jul 2023 12:28:30:   Computing lo-values for each group... 
INFO  @ Wed, 19 Jul 2023 12:28:30:   Skipping gene E326E_ctrl for permutation ... 
INFO  @ Wed, 19 Jul 2023 12:28:30:   Skipping gene P390P_ctrl for permutation ... 
INFO  @ Wed, 19 Jul 2023 12:28:30:   Skipping gene G262G_ctrl for permutation ... 
INFO  @ Wed, 19 Jul 2023 12:28:30:   Skipping gene N310N_ctrl for permutation ... 
INFO  @ Wed, 19 Jul 2023 12:28:30:   Skipping gene F270F_ctrl for permutation ... 
INFO  @ Wed, 19 Jul 2023 12:28:30:   Skipping gene A70A_ctrl for permutation ... 
INFO  @ Wed, 19 Jul 2023 12:28:30:   Skipping gene E346E_ctrl for permutation ... 
INFO  @ Wed, 19 Jul 2023 12:28:30:   Skipping gene P322P_ctrl for permutation ... 
INFO  @ Wed, 19 Jul 2023 12:28:30:   Skipping gene T230T_ctrl for permutation ... 
INFO  @ Wed, 19 Jul 2023 12:28:30:   Skipping gene D42D_ctrl for permutation ... 
INFO  @ Wed, 19 Jul 2023 12:28:30:   Skipping gene G266G_ctrl for permutation ... 
INFO  @ Wed, 19 Jul 2023 12:28:30:   Skipping gene P58P_ctrl for permutation ... 
INFO  @ Wed, 19 Jul 2023 12:28:30:   Skipping gene S90S_ctrl for permutation ... 
INFO  @ Wed, 19 Jul 2023 12:28:30:   Skipping gene R174R_ctrl for permutation ... 
INFO  @ Wed, 19 Jul 2023 12:28:30:   Skipping gene T170T_ctrl for permutation ... 
INFO  @ Wed, 19 Jul 2023 12:28:30:   Skipping gene A86A_ctrl for permutation ... 
INFO  @ Wed, 19 Jul 2023 12:28:30:   Skipping gene P82P_ctrl for permutation ... 
INFO  @ Wed, 19 Jul 2023 12:28:30:   Warning: sgRNA  not found in the ranked list.  
INFO  @ Wed, 19 Jul 2023 12:28:30:   Computing false discovery rate... 
INFO  @ Wed, 19 Jul 2023 12:28:30:   Total # control sgRNAs: 30 
INFO  @ Wed, 19 Jul 2023 12:28:30:   Permuting genes with 1 sgRNAs... 
INFO  @ Wed, 19 Jul 2023 12:28:30:   Permuting genes with 2 sgRNAs... 
INFO  @ Wed, 19 Jul 2023 12:28:30:   Permuting genes with 3 sgRNAs... 
INFO  @ Wed, 19 Jul 2023 12:28:30:   Permuting genes with 4 sgRNAs... 
INFO  @ Wed, 19 Jul 2023 12:28:30:   Permuting genes with 5 sgRNAs... 
INFO  @ Wed, 19 Jul 2023 12:28:30:   Permuting genes with 6 sgRNAs... 
INFO  @ Wed, 19 Jul 2023 12:28:30:   Permuting genes with 7 sgRNAs... 
INFO  @ Wed, 19 Jul 2023 12:28:30:   Permuting genes with 8 sgRNAs... 
INFO  @ Wed, 19 Jul 2023 12:28:30:   Permuting genes with 9 sgRNAs... 
INFO  @ Wed, 19 Jul 2023 12:28:30:   Permuting genes with 10 sgRNAs... 
INFO  @ Wed, 19 Jul 2023 12:28:30:   Permuting genes with 11 sgRNAs... 
INFO  @ Wed, 19 Jul 2023 12:28:30:   Permuting genes with 12 sgRNAs... 
INFO  @ Wed, 19 Jul 2023 12:28:30:   Permuting genes with 13 sgRNAs... 
INFO  @ Wed, 19 Jul 2023 12:28:30:   Permuting genes with 14 sgRNAs... 
INFO  @ Wed, 19 Jul 2023 12:28:30:   Permuting genes with 15 sgRNAs... 
INFO  @ Wed, 19 Jul 2023 12:28:30:   Permuting genes with 16 sgRNAs... 
INFO  @ Wed, 19 Jul 2023 12:28:30:   Permuting genes with 17 sgRNAs... 
INFO  @ Wed, 19 Jul 2023 12:28:30:   Permuting genes with 18 sgRNAs... 
INFO  @ Wed, 19 Jul 2023 12:28:30:   Permuting genes with 19 sgRNAs... 
INFO  @ Wed, 19 Jul 2023 12:28:30:   Permuting genes with 20 sgRNAs... 
INFO  @ Wed, 19 Jul 2023 12:28:30:   Permuting genes with 21 sgRNAs... 
INFO  @ Wed, 19 Jul 2023 12:28:30:   Permuting genes with 22 sgRNAs... 
INFO  @ Wed, 19 Jul 2023 12:28:30:   Permuting genes with 23 sgRNAs... 
INFO  @ Wed, 19 Jul 2023 12:28:30:   Permuting genes with 24 sgRNAs... 
INFO  @ Wed, 19 Jul 2023 12:28:30:   Permuting genes with 25 sgRNAs... 
INFO  @ Wed, 19 Jul 2023 12:28:30:   Permuting genes with 26 sgRNAs... 
INFO  @ Wed, 19 Jul 2023 12:28:30:   Permuting genes with 27 sgRNAs... 
INFO  @ Wed, 19 Jul 2023 12:28:30:   Permuting genes with 28 sgRNAs... 
INFO  @ Wed, 19 Jul 2023 12:28:30:   Permuting genes with 29 sgRNAs... 
INFO  @ Wed, 19 Jul 2023 12:28:30:   Permuting genes with 30 sgRNAs... 
INFO  @ Wed, 19 Jul 2023 12:28:30:   Permuting genes with 31 sgRNAs... 
INFO  @ Wed, 19 Jul 2023 12:28:30:   Permuting genes with 34 sgRNAs... 
INFO  @ Wed, 19 Jul 2023 12:28:30:   Permuting genes with 38 sgRNAs... 
INFO  @ Wed, 19 Jul 2023 12:28:30:   Permuting genes with 48 sgRNAs... 
INFO  @ Wed, 19 Jul 2023 12:28:30:   Permuting genes with 54 sgRNAs... 
INFO  @ Wed, 19 Jul 2023 12:28:30:   Permuting genes with 56 sgRNAs... 
INFO  @ Wed, 19 Jul 2023 12:28:30:   Permuting genes with 59 sgRNAs... 
INFO  @ Wed, 19 Jul 2023 12:28:30:   Permuting genes with 60 sgRNAs... 
INFO  @ Wed, 19 Jul 2023 12:28:30:   Number of genes under FDR adjustment: 1227 
INFO  @ Wed, 19 Jul 2023 12:28:30:   Saving to output file... 
INFO  @ Wed, 19 Jul 2023 12:28:30:   Suppressing the output of gene E326E_ctrl since it is negative ontrol genes. 
INFO  @ Wed, 19 Jul 2023 12:28:30:   Suppressing the output of gene G262G_ctrl since it is negative ontrol genes. 
INFO  @ Wed, 19 Jul 2023 12:28:30:   Suppressing the output of gene P390P_ctrl since it is negative ontrol genes. 
INFO  @ Wed, 19 Jul 2023 12:28:30:   Suppressing the output of gene N310N_ctrl since it is negative ontrol genes. 
INFO  @ Wed, 19 Jul 2023 12:28:30:   Suppressing the output of gene F270F_ctrl since it is negative ontrol genes. 
INFO  @ Wed, 19 Jul 2023 12:28:30:   Suppressing the output of gene E346E_ctrl since it is negative ontrol genes. 
INFO  @ Wed, 19 Jul 2023 12:28:30:   Suppressing the output of gene P322P_ctrl since it is negative ontrol genes. 
INFO  @ Wed, 19 Jul 2023 12:28:30:   Suppressing the output of gene T230T_ctrl since it is negative ontrol genes. 
INFO  @ Wed, 19 Jul 2023 12:28:30:   Suppressing the output of gene D42D_ctrl since it is negative ontrol genes. 
INFO  @ Wed, 19 Jul 2023 12:28:30:   Suppressing the output of gene G266G_ctrl since it is negative ontrol genes. 
INFO  @ Wed, 19 Jul 2023 12:28:30:   Suppressing the output of gene A70A_ctrl since it is negative ontrol genes. 
INFO  @ Wed, 19 Jul 2023 12:28:30:   Suppressing the output of gene P58P_ctrl since it is negative ontrol genes. 
INFO  @ Wed, 19 Jul 2023 12:28:30:   Suppressing the output of gene S90S_ctrl since it is negative ontrol genes. 
INFO  @ Wed, 19 Jul 2023 12:28:30:   Suppressing the output of gene P82P_ctrl since it is negative ontrol genes. 
INFO  @ Wed, 19 Jul 2023 12:28:30:   Suppressing the output of gene T170T_ctrl since it is negative ontrol genes. 
INFO  @ Wed, 19 Jul 2023 12:28:30:   Suppressing the output of gene A86A_ctrl since it is negative ontrol genes. 
INFO  @ Wed, 19 Jul 2023 12:28:30:   Suppressing the output of gene R174R_ctrl since it is negative ontrol genes. 
INFO  @ Wed, 19 Jul 2023 12:28:30:   RRA completed. 
INFO  @ Wed, 19 Jul 2023 12:28:30:   Groups deletion complete. 
INFO  @ Wed, 19 Jul 2023 12:28:30:   Lists deletion complete. 
INFO  @ Wed, 19 Jul 2023 12:28:30:   ControlSeqPercentile deletion complete. 
INFO  @ Wed, 19 Jul 2023 12:28:30:    
INFO  @ Wed, 19 Jul 2023 12:28:30: End command message. 
DEBUG @ Wed, 19 Jul 2023 12:28:30: Sorting the merged items by negative selection... 
INFO  @ Wed, 19 Jul 2023 12:28:30: Loading top 10 genes from D16_NUT_D4_w_controls.gene.low.txt: H179PfsTer2,H178TfsTer69,C176Ter,V173Ter,R175C,C176F,C176Y,P177H,P301S,R175H 
DEBUG @ Wed, 19 Jul 2023 12:28:30: Column index:3 
INFO  @ Wed, 19 Jul 2023 12:28:30: Loading top 10 genes from D16_NUT_D4_w_controls.gene.high.txt: I254_I255insH,E294SfsTer51,E198_G198del,G244A,E271_V272insQL*,I255F,L22L,N345S,G244R,G293EfsTer13 
DEBUG @ Wed, 19 Jul 2023 12:28:30: Column index:9 
INFO  @ Wed, 19 Jul 2023 12:28:30: Running command: rm D16_NUT_D4_w_controls.plow.txt 
INFO  @ Wed, 19 Jul 2023 12:28:30: Running command: rm D16_NUT_D4_w_controls.phigh.txt 
INFO  @ Wed, 19 Jul 2023 12:28:30: Running command: rm D16_NUT_D4_w_controls.gene.low.txt 
INFO  @ Wed, 19 Jul 2023 12:28:30: Running command: rm D16_NUT_D4_w_controls.gene.high.txt 
