INFO  @ Wed, 19 Jul 2023 12:26:27: Parameters: /Users/samgould/opt/anaconda3/envs/mageckenv/bin/mageck test -k /Users/samgould/Desktop/MaGeCK/counts_w_neutrals_v1.txt -t D25-NUT-REP1,D25-NUT-REP2,D25-NUT-REP3 -c D4-REP1,D4-REP2,D4-REP3 --control-sgrna /Users/samgould/Desktop/MaGeCK/neutral_pegs_v1.txt --normcounts-to-file -n D25_NUT_D4_w_controls 
INFO  @ Wed, 19 Jul 2023 12:26:27: Welcome to MAGeCK v0.5.9.5. Command: test 
INFO  @ Wed, 19 Jul 2023 12:26:27: Loading count table from /Users/samgould/Desktop/MaGeCK/counts_w_neutrals_v1.txt  
INFO  @ Wed, 19 Jul 2023 12:26:27: Processing 1 lines.. 
DEBUG @ Wed, 19 Jul 2023 12:26:27: Parsing error in line 1 (usually the header line). Skip this line. 
INFO  @ Wed, 19 Jul 2023 12:26:27: Loaded 28549 records. 
INFO  @ Wed, 19 Jul 2023 12:26:27: 30 out of 30 control sgRNAs are found in count table. 
INFO  @ Wed, 19 Jul 2023 12:26:27: Loading Rnw template file: /Users/samgould/opt/anaconda3/envs/mageckenv/lib/python3.10/site-packages/mageck/test_report.Rmd. 
DEBUG @ Wed, 19 Jul 2023 12:26:27: Setting up the visualization module... 
INFO  @ Wed, 19 Jul 2023 12:26:27: Loading R template file: /Users/samgould/opt/anaconda3/envs/mageckenv/lib/python3.10/site-packages/mageck/plot_template.RTemplate. 
INFO  @ Wed, 19 Jul 2023 12:26:27: Loading R template file: /Users/samgould/opt/anaconda3/envs/mageckenv/lib/python3.10/site-packages/mageck/plot_template_indvgene.RTemplate. 
INFO  @ Wed, 19 Jul 2023 12:26:27: Loading Rnw template file: /Users/samgould/opt/anaconda3/envs/mageckenv/lib/python3.10/site-packages/mageck/plot_template.Rnw. 
DEBUG @ Wed, 19 Jul 2023 12:26:27: Setting up the visualization module... 
DEBUG @ Wed, 19 Jul 2023 12:26:27: Given sample labels: D25-NUT-REP1,D25-NUT-REP2,D25-NUT-REP3 
DEBUG @ Wed, 19 Jul 2023 12:26:27: Converted index: 13 14 15 
INFO  @ Wed, 19 Jul 2023 12:26:27: Treatment samples:D25-NUT-REP1,D25-NUT-REP2,D25-NUT-REP3 
INFO  @ Wed, 19 Jul 2023 12:26:27: Treatment sample index:13,14,15 
DEBUG @ Wed, 19 Jul 2023 12:26:27: Given sample labels: D4-REP1,D4-REP2,D4-REP3 
DEBUG @ Wed, 19 Jul 2023 12:26:27: Converted index: 1 2 3 
INFO  @ Wed, 19 Jul 2023 12:26:27: Control samples:D4-REP1,D4-REP2,D4-REP3 
INFO  @ Wed, 19 Jul 2023 12:26:27: Control sample index:1,2,3 
DEBUG @ Wed, 19 Jul 2023 12:26:27: Initial (total) size factor: 3.0767284850389065 0.8413958895250261 0.9635083981964692 0.7126032472244709 1.3984898740369467 0.7517428248461139 
DEBUG @ Wed, 19 Jul 2023 12:26:27: Median factor: 1.8923856821386122 0.39855393702539155 0.5178686299024235 0.8491171286044372 4.153432243892656 1.1491421481746034 
INFO  @ Wed, 19 Jul 2023 12:26:27: Final size factor: 1.8923856821386122 0.39855393702539155 0.5178686299024235 0.8491171286044372 4.153432243892656 1.1491421481746034 
INFO  @ Wed, 19 Jul 2023 12:26:27: Writing normalized read counts to D25_NUT_D4_w_controls.normalized.txt 
INFO  @ Wed, 19 Jul 2023 12:26:27: Detecting outliers from variance estimation.. Avg read count:[103.57372598048471], Var: [4819628.23831137] 
INFO  @ Wed, 19 Jul 2023 12:26:27: Skipping 412 sgRNAs from variance calculation because of their extreme high counts (> 4* STD (mean counts) ). 
DEBUG @ Wed, 19 Jul 2023 12:26:27: Adjusted model: 1.752546383842592	0 
INFO  @ Wed, 19 Jul 2023 12:26:27: Before RRA, 1523 sgRNAs are removed with zero counts in both group(s). 
INFO  @ Wed, 19 Jul 2023 12:26:27: Use qnorm to reversely calculate sgRNA scores ... 
DEBUG @ Wed, 19 Jul 2023 12:26:28: lower test FDR cutoff: 0.376526307999704 
DEBUG @ Wed, 19 Jul 2023 12:26:28: higher test FDR cutoff: 0.36561089321394213 
INFO  @ Wed, 19 Jul 2023 12:26:28: Running command: RRA -i D25_NUT_D4_w_controls.plow.txt -o D25_NUT_D4_w_controls.gene.low.txt -p 0.376526307999704 --control /Users/samgould/Desktop/MaGeCK/neutral_pegs_v1.txt --skip-gene NA --skip-gene na  
INFO  @ Wed, 19 Jul 2023 12:26:33: Command message: 
INFO  @ Wed, 19 Jul 2023 12:26:33:   Welcome to RRA v 0.5.9. 
INFO  @ Wed, 19 Jul 2023 12:26:33:   31 control sequences loaded. 
INFO  @ Wed, 19 Jul 2023 12:26:33:   Skipping gene NA for permutation ... 
INFO  @ Wed, 19 Jul 2023 12:26:33:   Skipping gene na for permutation ... 
INFO  @ Wed, 19 Jul 2023 12:26:33:   Reading input file... 
INFO  @ Wed, 19 Jul 2023 12:26:33:   Summary: 27026 sgRNAs, 1227 genes, 1 lists; skipped sgRNAs:0 
INFO  @ Wed, 19 Jul 2023 12:26:33:   Computing lo-values for each group... 
INFO  @ Wed, 19 Jul 2023 12:26:33:   Skipping gene A86A_ctrl for permutation ... 
INFO  @ Wed, 19 Jul 2023 12:26:33:   Skipping gene P82P_ctrl for permutation ... 
INFO  @ Wed, 19 Jul 2023 12:26:33:   Skipping gene R174R_ctrl for permutation ... 
INFO  @ Wed, 19 Jul 2023 12:26:33:   Skipping gene S90S_ctrl for permutation ... 
INFO  @ Wed, 19 Jul 2023 12:26:33:   Skipping gene P58P_ctrl for permutation ... 
INFO  @ Wed, 19 Jul 2023 12:26:33:   Skipping gene T170T_ctrl for permutation ... 
INFO  @ Wed, 19 Jul 2023 12:26:33:   Skipping gene E346E_ctrl for permutation ... 
INFO  @ Wed, 19 Jul 2023 12:26:33:   Skipping gene P322P_ctrl for permutation ... 
INFO  @ Wed, 19 Jul 2023 12:26:33:   Skipping gene E326E_ctrl for permutation ... 
INFO  @ Wed, 19 Jul 2023 12:26:33:   Skipping gene A70A_ctrl for permutation ... 
INFO  @ Wed, 19 Jul 2023 12:26:33:   Skipping gene T230T_ctrl for permutation ... 
INFO  @ Wed, 19 Jul 2023 12:26:33:   Skipping gene N310N_ctrl for permutation ... 
INFO  @ Wed, 19 Jul 2023 12:26:33:   Skipping gene G262G_ctrl for permutation ... 
INFO  @ Wed, 19 Jul 2023 12:26:33:   Skipping gene G266G_ctrl for permutation ... 
INFO  @ Wed, 19 Jul 2023 12:26:33:   Skipping gene F270F_ctrl for permutation ... 
INFO  @ Wed, 19 Jul 2023 12:26:33:   Skipping gene P390P_ctrl for permutation ... 
INFO  @ Wed, 19 Jul 2023 12:26:33:   Skipping gene D42D_ctrl for permutation ... 
INFO  @ Wed, 19 Jul 2023 12:26:33:   Warning: sgRNA  not found in the ranked list.  
INFO  @ Wed, 19 Jul 2023 12:26:33:   Computing false discovery rate... 
INFO  @ Wed, 19 Jul 2023 12:26:33:   Total # control sgRNAs: 30 
INFO  @ Wed, 19 Jul 2023 12:26:33:   Permuting genes with 1 sgRNAs... 
INFO  @ Wed, 19 Jul 2023 12:26:33:   Permuting genes with 2 sgRNAs... 
INFO  @ Wed, 19 Jul 2023 12:26:33:   Permuting genes with 3 sgRNAs... 
INFO  @ Wed, 19 Jul 2023 12:26:33:   Permuting genes with 4 sgRNAs... 
INFO  @ Wed, 19 Jul 2023 12:26:33:   Permuting genes with 5 sgRNAs... 
INFO  @ Wed, 19 Jul 2023 12:26:33:   Permuting genes with 6 sgRNAs... 
INFO  @ Wed, 19 Jul 2023 12:26:33:   Permuting genes with 7 sgRNAs... 
INFO  @ Wed, 19 Jul 2023 12:26:33:   Permuting genes with 8 sgRNAs... 
INFO  @ Wed, 19 Jul 2023 12:26:33:   Permuting genes with 9 sgRNAs... 
INFO  @ Wed, 19 Jul 2023 12:26:33:   Permuting genes with 10 sgRNAs... 
INFO  @ Wed, 19 Jul 2023 12:26:33:   Permuting genes with 11 sgRNAs... 
INFO  @ Wed, 19 Jul 2023 12:26:33:   Permuting genes with 12 sgRNAs... 
INFO  @ Wed, 19 Jul 2023 12:26:33:   Permuting genes with 13 sgRNAs... 
INFO  @ Wed, 19 Jul 2023 12:26:33:   Permuting genes with 14 sgRNAs... 
INFO  @ Wed, 19 Jul 2023 12:26:33:   Permuting genes with 15 sgRNAs... 
INFO  @ Wed, 19 Jul 2023 12:26:33:   Permuting genes with 16 sgRNAs... 
INFO  @ Wed, 19 Jul 2023 12:26:33:   Permuting genes with 17 sgRNAs... 
INFO  @ Wed, 19 Jul 2023 12:26:33:   Permuting genes with 18 sgRNAs... 
INFO  @ Wed, 19 Jul 2023 12:26:33:   Permuting genes with 19 sgRNAs... 
INFO  @ Wed, 19 Jul 2023 12:26:33:   Permuting genes with 20 sgRNAs... 
INFO  @ Wed, 19 Jul 2023 12:26:33:   Permuting genes with 21 sgRNAs... 
INFO  @ Wed, 19 Jul 2023 12:26:33:   Permuting genes with 22 sgRNAs... 
INFO  @ Wed, 19 Jul 2023 12:26:33:   Permuting genes with 23 sgRNAs... 
INFO  @ Wed, 19 Jul 2023 12:26:33:   Permuting genes with 24 sgRNAs... 
INFO  @ Wed, 19 Jul 2023 12:26:33:   Permuting genes with 25 sgRNAs... 
INFO  @ Wed, 19 Jul 2023 12:26:33:   Permuting genes with 26 sgRNAs... 
INFO  @ Wed, 19 Jul 2023 12:26:33:   Permuting genes with 27 sgRNAs... 
INFO  @ Wed, 19 Jul 2023 12:26:33:   Permuting genes with 28 sgRNAs... 
INFO  @ Wed, 19 Jul 2023 12:26:33:   Permuting genes with 29 sgRNAs... 
INFO  @ Wed, 19 Jul 2023 12:26:33:   Permuting genes with 30 sgRNAs... 
INFO  @ Wed, 19 Jul 2023 12:26:33:   Permuting genes with 31 sgRNAs... 
INFO  @ Wed, 19 Jul 2023 12:26:33:   Permuting genes with 34 sgRNAs... 
INFO  @ Wed, 19 Jul 2023 12:26:33:   Permuting genes with 36 sgRNAs... 
INFO  @ Wed, 19 Jul 2023 12:26:33:   Permuting genes with 47 sgRNAs... 
INFO  @ Wed, 19 Jul 2023 12:26:33:   Permuting genes with 54 sgRNAs... 
INFO  @ Wed, 19 Jul 2023 12:26:33:   Permuting genes with 56 sgRNAs... 
INFO  @ Wed, 19 Jul 2023 12:26:33:   Permuting genes with 58 sgRNAs... 
INFO  @ Wed, 19 Jul 2023 12:26:33:   Permuting genes with 59 sgRNAs... 
INFO  @ Wed, 19 Jul 2023 12:26:33:   Permuting genes with 60 sgRNAs... 
INFO  @ Wed, 19 Jul 2023 12:26:33:   Number of genes under FDR adjustment: 1227 
INFO  @ Wed, 19 Jul 2023 12:26:33:   Saving to output file... 
INFO  @ Wed, 19 Jul 2023 12:26:33:   Suppressing the output of gene A86A_ctrl since it is negative ontrol genes. 
INFO  @ Wed, 19 Jul 2023 12:26:33:   Suppressing the output of gene P82P_ctrl since it is negative ontrol genes. 
INFO  @ Wed, 19 Jul 2023 12:26:33:   Suppressing the output of gene S90S_ctrl since it is negative ontrol genes. 
INFO  @ Wed, 19 Jul 2023 12:26:33:   Suppressing the output of gene P58P_ctrl since it is negative ontrol genes. 
INFO  @ Wed, 19 Jul 2023 12:26:33:   Suppressing the output of gene E346E_ctrl since it is negative ontrol genes. 
INFO  @ Wed, 19 Jul 2023 12:26:33:   Suppressing the output of gene P322P_ctrl since it is negative ontrol genes. 
INFO  @ Wed, 19 Jul 2023 12:26:33:   Suppressing the output of gene T230T_ctrl since it is negative ontrol genes. 
INFO  @ Wed, 19 Jul 2023 12:26:33:   Suppressing the output of gene N310N_ctrl since it is negative ontrol genes. 
INFO  @ Wed, 19 Jul 2023 12:26:33:   Suppressing the output of gene G266G_ctrl since it is negative ontrol genes. 
INFO  @ Wed, 19 Jul 2023 12:26:33:   Suppressing the output of gene T170T_ctrl since it is negative ontrol genes. 
INFO  @ Wed, 19 Jul 2023 12:26:33:   Suppressing the output of gene E326E_ctrl since it is negative ontrol genes. 
INFO  @ Wed, 19 Jul 2023 12:26:33:   Suppressing the output of gene F270F_ctrl since it is negative ontrol genes. 
INFO  @ Wed, 19 Jul 2023 12:26:33:   Suppressing the output of gene A70A_ctrl since it is negative ontrol genes. 
INFO  @ Wed, 19 Jul 2023 12:26:33:   Suppressing the output of gene P390P_ctrl since it is negative ontrol genes. 
INFO  @ Wed, 19 Jul 2023 12:26:33:   Suppressing the output of gene D42D_ctrl since it is negative ontrol genes. 
INFO  @ Wed, 19 Jul 2023 12:26:33:   Suppressing the output of gene R174R_ctrl since it is negative ontrol genes. 
INFO  @ Wed, 19 Jul 2023 12:26:33:   Suppressing the output of gene G262G_ctrl since it is negative ontrol genes. 
INFO  @ Wed, 19 Jul 2023 12:26:33:   RRA completed. 
INFO  @ Wed, 19 Jul 2023 12:26:33:   Groups deletion complete. 
INFO  @ Wed, 19 Jul 2023 12:26:33:   Lists deletion complete. 
INFO  @ Wed, 19 Jul 2023 12:26:33:   ControlSeqPercentile deletion complete. 
INFO  @ Wed, 19 Jul 2023 12:26:33:    
INFO  @ Wed, 19 Jul 2023 12:26:33: End command message. 
INFO  @ Wed, 19 Jul 2023 12:26:33: Running command: RRA -i D25_NUT_D4_w_controls.phigh.txt -o D25_NUT_D4_w_controls.gene.high.txt -p 0.36561089321394213 --control /Users/samgould/Desktop/MaGeCK/neutral_pegs_v1.txt --skip-gene NA --skip-gene na  
INFO  @ Wed, 19 Jul 2023 12:26:42: Command message: 
INFO  @ Wed, 19 Jul 2023 12:26:42:   Welcome to RRA v 0.5.9. 
INFO  @ Wed, 19 Jul 2023 12:26:42:   31 control sequences loaded. 
INFO  @ Wed, 19 Jul 2023 12:26:42:   Skipping gene NA for permutation ... 
INFO  @ Wed, 19 Jul 2023 12:26:42:   Skipping gene na for permutation ... 
INFO  @ Wed, 19 Jul 2023 12:26:42:   Reading input file... 
INFO  @ Wed, 19 Jul 2023 12:26:42:   Summary: 27026 sgRNAs, 1227 genes, 1 lists; skipped sgRNAs:0 
INFO  @ Wed, 19 Jul 2023 12:26:42:   Computing lo-values for each group... 
INFO  @ Wed, 19 Jul 2023 12:26:42:   Skipping gene D42D_ctrl for permutation ... 
INFO  @ Wed, 19 Jul 2023 12:26:42:   Skipping gene G262G_ctrl for permutation ... 
INFO  @ Wed, 19 Jul 2023 12:26:42:   Skipping gene R174R_ctrl for permutation ... 
INFO  @ Wed, 19 Jul 2023 12:26:42:   Skipping gene P390P_ctrl for permutation ... 
INFO  @ Wed, 19 Jul 2023 12:26:42:   Skipping gene F270F_ctrl for permutation ... 
INFO  @ Wed, 19 Jul 2023 12:26:42:   Skipping gene E326E_ctrl for permutation ... 
INFO  @ Wed, 19 Jul 2023 12:26:42:   Skipping gene G266G_ctrl for permutation ... 
INFO  @ Wed, 19 Jul 2023 12:26:42:   Skipping gene A70A_ctrl for permutation ... 
INFO  @ Wed, 19 Jul 2023 12:26:42:   Skipping gene N310N_ctrl for permutation ... 
INFO  @ Wed, 19 Jul 2023 12:26:42:   Skipping gene T230T_ctrl for permutation ... 
INFO  @ Wed, 19 Jul 2023 12:26:42:   Skipping gene T170T_ctrl for permutation ... 
INFO  @ Wed, 19 Jul 2023 12:26:42:   Skipping gene P322P_ctrl for permutation ... 
INFO  @ Wed, 19 Jul 2023 12:26:42:   Skipping gene E346E_ctrl for permutation ... 
INFO  @ Wed, 19 Jul 2023 12:26:42:   Skipping gene P58P_ctrl for permutation ... 
INFO  @ Wed, 19 Jul 2023 12:26:42:   Skipping gene S90S_ctrl for permutation ... 
INFO  @ Wed, 19 Jul 2023 12:26:42:   Skipping gene A86A_ctrl for permutation ... 
INFO  @ Wed, 19 Jul 2023 12:26:42:   Skipping gene P82P_ctrl for permutation ... 
INFO  @ Wed, 19 Jul 2023 12:26:42:   Warning: sgRNA  not found in the ranked list.  
INFO  @ Wed, 19 Jul 2023 12:26:42:   Computing false discovery rate... 
INFO  @ Wed, 19 Jul 2023 12:26:42:   Total # control sgRNAs: 30 
INFO  @ Wed, 19 Jul 2023 12:26:42:   Permuting genes with 1 sgRNAs... 
INFO  @ Wed, 19 Jul 2023 12:26:42:   Permuting genes with 2 sgRNAs... 
INFO  @ Wed, 19 Jul 2023 12:26:42:   Permuting genes with 3 sgRNAs... 
INFO  @ Wed, 19 Jul 2023 12:26:42:   Permuting genes with 4 sgRNAs... 
INFO  @ Wed, 19 Jul 2023 12:26:42:   Permuting genes with 5 sgRNAs... 
INFO  @ Wed, 19 Jul 2023 12:26:42:   Permuting genes with 6 sgRNAs... 
INFO  @ Wed, 19 Jul 2023 12:26:42:   Permuting genes with 7 sgRNAs... 
INFO  @ Wed, 19 Jul 2023 12:26:42:   Permuting genes with 8 sgRNAs... 
INFO  @ Wed, 19 Jul 2023 12:26:42:   Permuting genes with 9 sgRNAs... 
INFO  @ Wed, 19 Jul 2023 12:26:42:   Permuting genes with 10 sgRNAs... 
INFO  @ Wed, 19 Jul 2023 12:26:42:   Permuting genes with 11 sgRNAs... 
INFO  @ Wed, 19 Jul 2023 12:26:42:   Permuting genes with 12 sgRNAs... 
INFO  @ Wed, 19 Jul 2023 12:26:42:   Permuting genes with 13 sgRNAs... 
INFO  @ Wed, 19 Jul 2023 12:26:42:   Permuting genes with 14 sgRNAs... 
INFO  @ Wed, 19 Jul 2023 12:26:42:   Permuting genes with 15 sgRNAs... 
INFO  @ Wed, 19 Jul 2023 12:26:42:   Permuting genes with 16 sgRNAs... 
INFO  @ Wed, 19 Jul 2023 12:26:42:   Permuting genes with 17 sgRNAs... 
INFO  @ Wed, 19 Jul 2023 12:26:42:   Permuting genes with 18 sgRNAs... 
INFO  @ Wed, 19 Jul 2023 12:26:42:   Permuting genes with 19 sgRNAs... 
INFO  @ Wed, 19 Jul 2023 12:26:42:   Permuting genes with 20 sgRNAs... 
INFO  @ Wed, 19 Jul 2023 12:26:42:   Permuting genes with 21 sgRNAs... 
INFO  @ Wed, 19 Jul 2023 12:26:42:   Permuting genes with 22 sgRNAs... 
INFO  @ Wed, 19 Jul 2023 12:26:42:   Permuting genes with 23 sgRNAs... 
INFO  @ Wed, 19 Jul 2023 12:26:42:   Permuting genes with 24 sgRNAs... 
INFO  @ Wed, 19 Jul 2023 12:26:42:   Permuting genes with 25 sgRNAs... 
INFO  @ Wed, 19 Jul 2023 12:26:42:   Permuting genes with 26 sgRNAs... 
INFO  @ Wed, 19 Jul 2023 12:26:42:   Permuting genes with 27 sgRNAs... 
INFO  @ Wed, 19 Jul 2023 12:26:42:   Permuting genes with 28 sgRNAs... 
INFO  @ Wed, 19 Jul 2023 12:26:42:   Permuting genes with 29 sgRNAs... 
INFO  @ Wed, 19 Jul 2023 12:26:42:   Permuting genes with 30 sgRNAs... 
INFO  @ Wed, 19 Jul 2023 12:26:42:   Permuting genes with 31 sgRNAs... 
INFO  @ Wed, 19 Jul 2023 12:26:42:   Permuting genes with 34 sgRNAs... 
INFO  @ Wed, 19 Jul 2023 12:26:42:   Permuting genes with 36 sgRNAs... 
INFO  @ Wed, 19 Jul 2023 12:26:42:   Permuting genes with 47 sgRNAs... 
INFO  @ Wed, 19 Jul 2023 12:26:42:   Permuting genes with 54 sgRNAs... 
INFO  @ Wed, 19 Jul 2023 12:26:42:   Permuting genes with 56 sgRNAs... 
INFO  @ Wed, 19 Jul 2023 12:26:42:   Permuting genes with 58 sgRNAs... 
INFO  @ Wed, 19 Jul 2023 12:26:42:   Permuting genes with 59 sgRNAs... 
INFO  @ Wed, 19 Jul 2023 12:26:42:   Permuting genes with 60 sgRNAs... 
INFO  @ Wed, 19 Jul 2023 12:26:42:   Number of genes under FDR adjustment: 1227 
INFO  @ Wed, 19 Jul 2023 12:26:42:   Saving to output file... 
INFO  @ Wed, 19 Jul 2023 12:26:42:   Suppressing the output of gene G262G_ctrl since it is negative ontrol genes. 
INFO  @ Wed, 19 Jul 2023 12:26:42:   Suppressing the output of gene R174R_ctrl since it is negative ontrol genes. 
INFO  @ Wed, 19 Jul 2023 12:26:42:   Suppressing the output of gene D42D_ctrl since it is negative ontrol genes. 
INFO  @ Wed, 19 Jul 2023 12:26:42:   Suppressing the output of gene P390P_ctrl since it is negative ontrol genes. 
INFO  @ Wed, 19 Jul 2023 12:26:42:   Suppressing the output of gene F270F_ctrl since it is negative ontrol genes. 
INFO  @ Wed, 19 Jul 2023 12:26:42:   Suppressing the output of gene G266G_ctrl since it is negative ontrol genes. 
INFO  @ Wed, 19 Jul 2023 12:26:42:   Suppressing the output of gene N310N_ctrl since it is negative ontrol genes. 
INFO  @ Wed, 19 Jul 2023 12:26:42:   Suppressing the output of gene T230T_ctrl since it is negative ontrol genes. 
INFO  @ Wed, 19 Jul 2023 12:26:42:   Suppressing the output of gene E326E_ctrl since it is negative ontrol genes. 
INFO  @ Wed, 19 Jul 2023 12:26:42:   Suppressing the output of gene P322P_ctrl since it is negative ontrol genes. 
INFO  @ Wed, 19 Jul 2023 12:26:42:   Suppressing the output of gene E346E_ctrl since it is negative ontrol genes. 
INFO  @ Wed, 19 Jul 2023 12:26:42:   Suppressing the output of gene P58P_ctrl since it is negative ontrol genes. 
INFO  @ Wed, 19 Jul 2023 12:26:42:   Suppressing the output of gene A70A_ctrl since it is negative ontrol genes. 
INFO  @ Wed, 19 Jul 2023 12:26:42:   Suppressing the output of gene S90S_ctrl since it is negative ontrol genes. 
INFO  @ Wed, 19 Jul 2023 12:26:42:   Suppressing the output of gene T170T_ctrl since it is negative ontrol genes. 
INFO  @ Wed, 19 Jul 2023 12:26:42:   Suppressing the output of gene P82P_ctrl since it is negative ontrol genes. 
INFO  @ Wed, 19 Jul 2023 12:26:42:   Suppressing the output of gene A86A_ctrl since it is negative ontrol genes. 
INFO  @ Wed, 19 Jul 2023 12:26:42:   RRA completed. 
INFO  @ Wed, 19 Jul 2023 12:26:42:   Groups deletion complete. 
INFO  @ Wed, 19 Jul 2023 12:26:42:   Lists deletion complete. 
INFO  @ Wed, 19 Jul 2023 12:26:42:   ControlSeqPercentile deletion complete. 
INFO  @ Wed, 19 Jul 2023 12:26:42:    
INFO  @ Wed, 19 Jul 2023 12:26:42: End command message. 
DEBUG @ Wed, 19 Jul 2023 12:26:42: Sorting the merged items by negative selection... 
INFO  @ Wed, 19 Jul 2023 12:26:42: Loading top 10 genes from D25_NUT_D4_w_controls.gene.low.txt: V10V,E11K,V10I,L111V,R158AfsTer12,G154AfsTer16,E298Q,P301S,L114FfsTer35,R158_A159insP 
DEBUG @ Wed, 19 Jul 2023 12:26:42: Column index:3 
INFO  @ Wed, 19 Jul 2023 12:26:42: Loading top 10 genes from D25_NUT_D4_w_controls.gene.high.txt: G244A,G244R,E271_V272insQL*,G245A,G244NfsTer390,F270C,G245R,F270S,I254_I255insH,G244S 
DEBUG @ Wed, 19 Jul 2023 12:26:42: Column index:9 
INFO  @ Wed, 19 Jul 2023 12:26:42: Running command: rm D25_NUT_D4_w_controls.plow.txt 
INFO  @ Wed, 19 Jul 2023 12:26:42: Running command: rm D25_NUT_D4_w_controls.phigh.txt 
INFO  @ Wed, 19 Jul 2023 12:26:42: Running command: rm D25_NUT_D4_w_controls.gene.low.txt 
INFO  @ Wed, 19 Jul 2023 12:26:42: Running command: rm D25_NUT_D4_w_controls.gene.high.txt 
