INFO  @ Mon, 17 Jul 2023 17:23:14: Parameters: /Users/samgould/opt/anaconda3/envs/mageckenv/bin/mageck test -k /Users/samgould/Desktop/MaGeCK/counts_w_neutrals_v1.txt -t D34-REP1,D34-REP2,D34-REP3 -c D4-REP1,D4-REP2,D4-REP3 --control-sgrna /Users/samgould/Desktop/MaGeCK/neutral_pegs_v1.txt --normcounts-to-file -n D34_D4_w_controls 
INFO  @ Mon, 17 Jul 2023 17:23:14: Welcome to MAGeCK v0.5.9.5. Command: test 
INFO  @ Mon, 17 Jul 2023 17:23:14: Loading count table from /Users/samgould/Desktop/MaGeCK/counts_w_neutrals_v1.txt  
INFO  @ Mon, 17 Jul 2023 17:23:14: Processing 1 lines.. 
DEBUG @ Mon, 17 Jul 2023 17:23:14: Parsing error in line 1 (usually the header line). Skip this line. 
INFO  @ Mon, 17 Jul 2023 17:23:14: Loaded 28549 records. 
INFO  @ Mon, 17 Jul 2023 17:23:14: 30 out of 30 control sgRNAs are found in count table. 
INFO  @ Mon, 17 Jul 2023 17:23:14: Loading Rnw template file: /Users/samgould/opt/anaconda3/envs/mageckenv/lib/python3.10/site-packages/mageck/test_report.Rmd. 
DEBUG @ Mon, 17 Jul 2023 17:23:14: Setting up the visualization module... 
INFO  @ Mon, 17 Jul 2023 17:23:14: Loading R template file: /Users/samgould/opt/anaconda3/envs/mageckenv/lib/python3.10/site-packages/mageck/plot_template.RTemplate. 
INFO  @ Mon, 17 Jul 2023 17:23:14: Loading R template file: /Users/samgould/opt/anaconda3/envs/mageckenv/lib/python3.10/site-packages/mageck/plot_template_indvgene.RTemplate. 
INFO  @ Mon, 17 Jul 2023 17:23:14: Loading Rnw template file: /Users/samgould/opt/anaconda3/envs/mageckenv/lib/python3.10/site-packages/mageck/plot_template.Rnw. 
DEBUG @ Mon, 17 Jul 2023 17:23:14: Setting up the visualization module... 
DEBUG @ Mon, 17 Jul 2023 17:23:14: Given sample labels: D34-REP1,D34-REP2,D34-REP3 
DEBUG @ Mon, 17 Jul 2023 17:23:14: Converted index: 16 17 18 
INFO  @ Mon, 17 Jul 2023 17:23:14: Treatment samples:D34-REP1,D34-REP2,D34-REP3 
INFO  @ Mon, 17 Jul 2023 17:23:14: Treatment sample index:16,17,18 
DEBUG @ Mon, 17 Jul 2023 17:23:14: Given sample labels: D4-REP1,D4-REP2,D4-REP3 
DEBUG @ Mon, 17 Jul 2023 17:23:14: Converted index: 1 2 3 
INFO  @ Mon, 17 Jul 2023 17:23:14: Control samples:D4-REP1,D4-REP2,D4-REP3 
INFO  @ Mon, 17 Jul 2023 17:23:14: Control sample index:1,2,3 
DEBUG @ Mon, 17 Jul 2023 17:23:14: Initial (total) size factor: 3.6504357328449717 0.9982881607936867 1.1431705796516316 1.3282182954928892 0.7814218952037241 0.550364239787991 
DEBUG @ Mon, 17 Jul 2023 17:23:14: Median factor: 3.7877430939686265 0.8401053634281662 1.0533511976443903 1.1315805723114767 0.6040367763974526 0.45653386334723894 
INFO  @ Mon, 17 Jul 2023 17:23:14: Final size factor: 3.7877430939686265 0.8401053634281662 1.0533511976443903 1.1315805723114767 0.6040367763974526 0.45653386334723894 
INFO  @ Mon, 17 Jul 2023 17:23:14: Writing normalized read counts to D34_D4_w_controls.normalized.txt 
INFO  @ Mon, 17 Jul 2023 17:23:15: Detecting outliers from variance estimation.. Avg read count:[211.72359072652245], Var: [20256820.154297836] 
INFO  @ Mon, 17 Jul 2023 17:23:15: Skipping 413 sgRNAs from variance calculation because of their extreme high counts (> 4* STD (mean counts) ). 
DEBUG @ Mon, 17 Jul 2023 17:23:15: Adjusted model: 1.7390921534170458	0 
INFO  @ Mon, 17 Jul 2023 17:23:15: Before RRA, 1126 sgRNAs are removed with zero counts in both group(s). 
INFO  @ Mon, 17 Jul 2023 17:23:15: Use qnorm to reversely calculate sgRNA scores ... 
DEBUG @ Mon, 17 Jul 2023 17:23:15: lower test FDR cutoff: 0.36837690989315536 
DEBUG @ Mon, 17 Jul 2023 17:23:15: higher test FDR cutoff: 0.3517485322539474 
INFO  @ Mon, 17 Jul 2023 17:23:15: Running command: RRA -i D34_D4_w_controls.plow.txt -o D34_D4_w_controls.gene.low.txt -p 0.36837690989315536 --control /Users/samgould/Desktop/MaGeCK/neutral_pegs_v1.txt --skip-gene NA --skip-gene na  
INFO  @ Mon, 17 Jul 2023 17:23:23: Command message: 
INFO  @ Mon, 17 Jul 2023 17:23:23:   Welcome to RRA v 0.5.9. 
INFO  @ Mon, 17 Jul 2023 17:23:23:   31 control sequences loaded. 
INFO  @ Mon, 17 Jul 2023 17:23:23:   Skipping gene NA for permutation ... 
INFO  @ Mon, 17 Jul 2023 17:23:23:   Skipping gene na for permutation ... 
INFO  @ Mon, 17 Jul 2023 17:23:23:   Reading input file... 
INFO  @ Mon, 17 Jul 2023 17:23:23:   Summary: 27423 sgRNAs, 1227 genes, 1 lists; skipped sgRNAs:0 
INFO  @ Mon, 17 Jul 2023 17:23:23:   Computing lo-values for each group... 
INFO  @ Mon, 17 Jul 2023 17:23:23:   Skipping gene R174R_ctrl for permutation ... 
INFO  @ Mon, 17 Jul 2023 17:23:23:   Skipping gene T170T_ctrl for permutation ... 
INFO  @ Mon, 17 Jul 2023 17:23:23:   Skipping gene A86A_ctrl for permutation ... 
INFO  @ Mon, 17 Jul 2023 17:23:23:   Skipping gene P82P_ctrl for permutation ... 
INFO  @ Mon, 17 Jul 2023 17:23:23:   Skipping gene T230T_ctrl for permutation ... 
INFO  @ Mon, 17 Jul 2023 17:23:23:   Skipping gene S90S_ctrl for permutation ... 
INFO  @ Mon, 17 Jul 2023 17:23:23:   Skipping gene P58P_ctrl for permutation ... 
INFO  @ Mon, 17 Jul 2023 17:23:23:   Skipping gene A70A_ctrl for permutation ... 
INFO  @ Mon, 17 Jul 2023 17:23:23:   Skipping gene D42D_ctrl for permutation ... 
INFO  @ Mon, 17 Jul 2023 17:23:23:   Skipping gene F270F_ctrl for permutation ... 
INFO  @ Mon, 17 Jul 2023 17:23:23:   Skipping gene N310N_ctrl for permutation ... 
INFO  @ Mon, 17 Jul 2023 17:23:23:   Skipping gene G262G_ctrl for permutation ... 
INFO  @ Mon, 17 Jul 2023 17:23:23:   Skipping gene G266G_ctrl for permutation ... 
INFO  @ Mon, 17 Jul 2023 17:23:23:   Skipping gene E346E_ctrl for permutation ... 
INFO  @ Mon, 17 Jul 2023 17:23:23:   Skipping gene P390P_ctrl for permutation ... 
INFO  @ Mon, 17 Jul 2023 17:23:23:   Skipping gene E326E_ctrl for permutation ... 
INFO  @ Mon, 17 Jul 2023 17:23:23:   Skipping gene P322P_ctrl for permutation ... 
INFO  @ Mon, 17 Jul 2023 17:23:23:   Warning: sgRNA  not found in the ranked list.  
INFO  @ Mon, 17 Jul 2023 17:23:23:   Computing false discovery rate... 
INFO  @ Mon, 17 Jul 2023 17:23:23:   Total # control sgRNAs: 30 
INFO  @ Mon, 17 Jul 2023 17:23:23:   Permuting genes with 1 sgRNAs... 
INFO  @ Mon, 17 Jul 2023 17:23:23:   Permuting genes with 2 sgRNAs... 
INFO  @ Mon, 17 Jul 2023 17:23:23:   Permuting genes with 3 sgRNAs... 
INFO  @ Mon, 17 Jul 2023 17:23:23:   Permuting genes with 4 sgRNAs... 
INFO  @ Mon, 17 Jul 2023 17:23:23:   Permuting genes with 5 sgRNAs... 
INFO  @ Mon, 17 Jul 2023 17:23:23:   Permuting genes with 6 sgRNAs... 
INFO  @ Mon, 17 Jul 2023 17:23:23:   Permuting genes with 7 sgRNAs... 
INFO  @ Mon, 17 Jul 2023 17:23:23:   Permuting genes with 8 sgRNAs... 
INFO  @ Mon, 17 Jul 2023 17:23:23:   Permuting genes with 9 sgRNAs... 
INFO  @ Mon, 17 Jul 2023 17:23:23:   Permuting genes with 10 sgRNAs... 
INFO  @ Mon, 17 Jul 2023 17:23:23:   Permuting genes with 11 sgRNAs... 
INFO  @ Mon, 17 Jul 2023 17:23:23:   Permuting genes with 12 sgRNAs... 
INFO  @ Mon, 17 Jul 2023 17:23:23:   Permuting genes with 13 sgRNAs... 
INFO  @ Mon, 17 Jul 2023 17:23:23:   Permuting genes with 14 sgRNAs... 
INFO  @ Mon, 17 Jul 2023 17:23:23:   Permuting genes with 15 sgRNAs... 
INFO  @ Mon, 17 Jul 2023 17:23:23:   Permuting genes with 16 sgRNAs... 
INFO  @ Mon, 17 Jul 2023 17:23:23:   Permuting genes with 17 sgRNAs... 
INFO  @ Mon, 17 Jul 2023 17:23:23:   Permuting genes with 18 sgRNAs... 
INFO  @ Mon, 17 Jul 2023 17:23:23:   Permuting genes with 19 sgRNAs... 
INFO  @ Mon, 17 Jul 2023 17:23:23:   Permuting genes with 20 sgRNAs... 
INFO  @ Mon, 17 Jul 2023 17:23:23:   Permuting genes with 21 sgRNAs... 
INFO  @ Mon, 17 Jul 2023 17:23:23:   Permuting genes with 22 sgRNAs... 
INFO  @ Mon, 17 Jul 2023 17:23:23:   Permuting genes with 23 sgRNAs... 
INFO  @ Mon, 17 Jul 2023 17:23:23:   Permuting genes with 24 sgRNAs... 
INFO  @ Mon, 17 Jul 2023 17:23:23:   Permuting genes with 25 sgRNAs... 
INFO  @ Mon, 17 Jul 2023 17:23:23:   Permuting genes with 26 sgRNAs... 
INFO  @ Mon, 17 Jul 2023 17:23:23:   Permuting genes with 27 sgRNAs... 
INFO  @ Mon, 17 Jul 2023 17:23:23:   Permuting genes with 28 sgRNAs... 
INFO  @ Mon, 17 Jul 2023 17:23:23:   Permuting genes with 29 sgRNAs... 
INFO  @ Mon, 17 Jul 2023 17:23:23:   Permuting genes with 30 sgRNAs... 
INFO  @ Mon, 17 Jul 2023 17:23:23:   Permuting genes with 31 sgRNAs... 
INFO  @ Mon, 17 Jul 2023 17:23:23:   Permuting genes with 35 sgRNAs... 
INFO  @ Mon, 17 Jul 2023 17:23:23:   Permuting genes with 39 sgRNAs... 
INFO  @ Mon, 17 Jul 2023 17:23:23:   Permuting genes with 49 sgRNAs... 
INFO  @ Mon, 17 Jul 2023 17:23:23:   Permuting genes with 54 sgRNAs... 
INFO  @ Mon, 17 Jul 2023 17:23:23:   Permuting genes with 56 sgRNAs... 
INFO  @ Mon, 17 Jul 2023 17:23:23:   Permuting genes with 59 sgRNAs... 
INFO  @ Mon, 17 Jul 2023 17:23:23:   Permuting genes with 60 sgRNAs... 
INFO  @ Mon, 17 Jul 2023 17:23:23:   Number of genes under FDR adjustment: 1227 
INFO  @ Mon, 17 Jul 2023 17:23:23:   Saving to output file... 
INFO  @ Mon, 17 Jul 2023 17:23:23:   Suppressing the output of gene R174R_ctrl since it is negative ontrol genes. 
INFO  @ Mon, 17 Jul 2023 17:23:23:   Suppressing the output of gene T170T_ctrl since it is negative ontrol genes. 
INFO  @ Mon, 17 Jul 2023 17:23:23:   Suppressing the output of gene A86A_ctrl since it is negative ontrol genes. 
INFO  @ Mon, 17 Jul 2023 17:23:23:   Suppressing the output of gene P82P_ctrl since it is negative ontrol genes. 
INFO  @ Mon, 17 Jul 2023 17:23:23:   Suppressing the output of gene T230T_ctrl since it is negative ontrol genes. 
INFO  @ Mon, 17 Jul 2023 17:23:23:   Suppressing the output of gene S90S_ctrl since it is negative ontrol genes. 
INFO  @ Mon, 17 Jul 2023 17:23:23:   Suppressing the output of gene P58P_ctrl since it is negative ontrol genes. 
INFO  @ Mon, 17 Jul 2023 17:23:23:   Suppressing the output of gene D42D_ctrl since it is negative ontrol genes. 
INFO  @ Mon, 17 Jul 2023 17:23:23:   Suppressing the output of gene F270F_ctrl since it is negative ontrol genes. 
INFO  @ Mon, 17 Jul 2023 17:23:23:   Suppressing the output of gene N310N_ctrl since it is negative ontrol genes. 
INFO  @ Mon, 17 Jul 2023 17:23:23:   Suppressing the output of gene A70A_ctrl since it is negative ontrol genes. 
INFO  @ Mon, 17 Jul 2023 17:23:23:   Suppressing the output of gene G266G_ctrl since it is negative ontrol genes. 
INFO  @ Mon, 17 Jul 2023 17:23:23:   Suppressing the output of gene E346E_ctrl since it is negative ontrol genes. 
INFO  @ Mon, 17 Jul 2023 17:23:23:   Suppressing the output of gene P390P_ctrl since it is negative ontrol genes. 
INFO  @ Mon, 17 Jul 2023 17:23:23:   Suppressing the output of gene P322P_ctrl since it is negative ontrol genes. 
INFO  @ Mon, 17 Jul 2023 17:23:23:   Suppressing the output of gene E326E_ctrl since it is negative ontrol genes. 
INFO  @ Mon, 17 Jul 2023 17:23:23:   Suppressing the output of gene G262G_ctrl since it is negative ontrol genes. 
INFO  @ Mon, 17 Jul 2023 17:23:23:   RRA completed. 
INFO  @ Mon, 17 Jul 2023 17:23:23:   Groups deletion complete. 
INFO  @ Mon, 17 Jul 2023 17:23:23:   Lists deletion complete. 
INFO  @ Mon, 17 Jul 2023 17:23:23:   ControlSeqPercentile deletion complete. 
INFO  @ Mon, 17 Jul 2023 17:23:23:    
INFO  @ Mon, 17 Jul 2023 17:23:23: End command message. 
INFO  @ Mon, 17 Jul 2023 17:23:23: Running command: RRA -i D34_D4_w_controls.phigh.txt -o D34_D4_w_controls.gene.high.txt -p 0.3517485322539474 --control /Users/samgould/Desktop/MaGeCK/neutral_pegs_v1.txt --skip-gene NA --skip-gene na  
INFO  @ Mon, 17 Jul 2023 17:23:32: Command message: 
INFO  @ Mon, 17 Jul 2023 17:23:32:   Welcome to RRA v 0.5.9. 
INFO  @ Mon, 17 Jul 2023 17:23:32:   31 control sequences loaded. 
INFO  @ Mon, 17 Jul 2023 17:23:32:   Skipping gene NA for permutation ... 
INFO  @ Mon, 17 Jul 2023 17:23:32:   Skipping gene na for permutation ... 
INFO  @ Mon, 17 Jul 2023 17:23:32:   Reading input file... 
INFO  @ Mon, 17 Jul 2023 17:23:32:   Summary: 27423 sgRNAs, 1227 genes, 1 lists; skipped sgRNAs:0 
INFO  @ Mon, 17 Jul 2023 17:23:32:   Computing lo-values for each group... 
INFO  @ Mon, 17 Jul 2023 17:23:32:   Skipping gene P322P_ctrl for permutation ... 
INFO  @ Mon, 17 Jul 2023 17:23:32:   Skipping gene E326E_ctrl for permutation ... 
INFO  @ Mon, 17 Jul 2023 17:23:32:   Skipping gene P390P_ctrl for permutation ... 
INFO  @ Mon, 17 Jul 2023 17:23:32:   Skipping gene G262G_ctrl for permutation ... 
INFO  @ Mon, 17 Jul 2023 17:23:32:   Skipping gene E346E_ctrl for permutation ... 
INFO  @ Mon, 17 Jul 2023 17:23:32:   Skipping gene G266G_ctrl for permutation ... 
INFO  @ Mon, 17 Jul 2023 17:23:32:   Skipping gene N310N_ctrl for permutation ... 
INFO  @ Mon, 17 Jul 2023 17:23:32:   Skipping gene F270F_ctrl for permutation ... 
INFO  @ Mon, 17 Jul 2023 17:23:32:   Skipping gene A70A_ctrl for permutation ... 
INFO  @ Mon, 17 Jul 2023 17:23:32:   Skipping gene D42D_ctrl for permutation ... 
INFO  @ Mon, 17 Jul 2023 17:23:32:   Skipping gene P58P_ctrl for permutation ... 
INFO  @ Mon, 17 Jul 2023 17:23:32:   Skipping gene S90S_ctrl for permutation ... 
INFO  @ Mon, 17 Jul 2023 17:23:32:   Skipping gene T230T_ctrl for permutation ... 
INFO  @ Mon, 17 Jul 2023 17:23:32:   Skipping gene A86A_ctrl for permutation ... 
INFO  @ Mon, 17 Jul 2023 17:23:32:   Skipping gene P82P_ctrl for permutation ... 
INFO  @ Mon, 17 Jul 2023 17:23:32:   Skipping gene R174R_ctrl for permutation ... 
INFO  @ Mon, 17 Jul 2023 17:23:32:   Skipping gene T170T_ctrl for permutation ... 
INFO  @ Mon, 17 Jul 2023 17:23:32:   Warning: sgRNA  not found in the ranked list.  
INFO  @ Mon, 17 Jul 2023 17:23:32:   Computing false discovery rate... 
INFO  @ Mon, 17 Jul 2023 17:23:32:   Total # control sgRNAs: 30 
INFO  @ Mon, 17 Jul 2023 17:23:32:   Permuting genes with 1 sgRNAs... 
INFO  @ Mon, 17 Jul 2023 17:23:32:   Permuting genes with 2 sgRNAs... 
INFO  @ Mon, 17 Jul 2023 17:23:32:   Permuting genes with 3 sgRNAs... 
INFO  @ Mon, 17 Jul 2023 17:23:32:   Permuting genes with 4 sgRNAs... 
INFO  @ Mon, 17 Jul 2023 17:23:32:   Permuting genes with 5 sgRNAs... 
INFO  @ Mon, 17 Jul 2023 17:23:32:   Permuting genes with 6 sgRNAs... 
INFO  @ Mon, 17 Jul 2023 17:23:32:   Permuting genes with 7 sgRNAs... 
INFO  @ Mon, 17 Jul 2023 17:23:32:   Permuting genes with 8 sgRNAs... 
INFO  @ Mon, 17 Jul 2023 17:23:32:   Permuting genes with 9 sgRNAs... 
INFO  @ Mon, 17 Jul 2023 17:23:32:   Permuting genes with 10 sgRNAs... 
INFO  @ Mon, 17 Jul 2023 17:23:32:   Permuting genes with 11 sgRNAs... 
INFO  @ Mon, 17 Jul 2023 17:23:32:   Permuting genes with 12 sgRNAs... 
INFO  @ Mon, 17 Jul 2023 17:23:32:   Permuting genes with 13 sgRNAs... 
INFO  @ Mon, 17 Jul 2023 17:23:32:   Permuting genes with 14 sgRNAs... 
INFO  @ Mon, 17 Jul 2023 17:23:32:   Permuting genes with 15 sgRNAs... 
INFO  @ Mon, 17 Jul 2023 17:23:32:   Permuting genes with 16 sgRNAs... 
INFO  @ Mon, 17 Jul 2023 17:23:32:   Permuting genes with 17 sgRNAs... 
INFO  @ Mon, 17 Jul 2023 17:23:32:   Permuting genes with 18 sgRNAs... 
INFO  @ Mon, 17 Jul 2023 17:23:32:   Permuting genes with 19 sgRNAs... 
INFO  @ Mon, 17 Jul 2023 17:23:32:   Permuting genes with 20 sgRNAs... 
INFO  @ Mon, 17 Jul 2023 17:23:32:   Permuting genes with 21 sgRNAs... 
INFO  @ Mon, 17 Jul 2023 17:23:32:   Permuting genes with 22 sgRNAs... 
INFO  @ Mon, 17 Jul 2023 17:23:32:   Permuting genes with 23 sgRNAs... 
INFO  @ Mon, 17 Jul 2023 17:23:32:   Permuting genes with 24 sgRNAs... 
INFO  @ Mon, 17 Jul 2023 17:23:32:   Permuting genes with 25 sgRNAs... 
INFO  @ Mon, 17 Jul 2023 17:23:32:   Permuting genes with 26 sgRNAs... 
INFO  @ Mon, 17 Jul 2023 17:23:32:   Permuting genes with 27 sgRNAs... 
INFO  @ Mon, 17 Jul 2023 17:23:32:   Permuting genes with 28 sgRNAs... 
INFO  @ Mon, 17 Jul 2023 17:23:32:   Permuting genes with 29 sgRNAs... 
INFO  @ Mon, 17 Jul 2023 17:23:32:   Permuting genes with 30 sgRNAs... 
INFO  @ Mon, 17 Jul 2023 17:23:32:   Permuting genes with 31 sgRNAs... 
INFO  @ Mon, 17 Jul 2023 17:23:32:   Permuting genes with 35 sgRNAs... 
INFO  @ Mon, 17 Jul 2023 17:23:32:   Permuting genes with 39 sgRNAs... 
INFO  @ Mon, 17 Jul 2023 17:23:32:   Permuting genes with 49 sgRNAs... 
INFO  @ Mon, 17 Jul 2023 17:23:32:   Permuting genes with 54 sgRNAs... 
INFO  @ Mon, 17 Jul 2023 17:23:32:   Permuting genes with 56 sgRNAs... 
INFO  @ Mon, 17 Jul 2023 17:23:32:   Permuting genes with 59 sgRNAs... 
INFO  @ Mon, 17 Jul 2023 17:23:32:   Permuting genes with 60 sgRNAs... 
INFO  @ Mon, 17 Jul 2023 17:23:32:   Number of genes under FDR adjustment: 1227 
INFO  @ Mon, 17 Jul 2023 17:23:32:   Saving to output file... 
INFO  @ Mon, 17 Jul 2023 17:23:32:   Suppressing the output of gene G262G_ctrl since it is negative ontrol genes. 
INFO  @ Mon, 17 Jul 2023 17:23:32:   Suppressing the output of gene E326E_ctrl since it is negative ontrol genes. 
INFO  @ Mon, 17 Jul 2023 17:23:32:   Suppressing the output of gene P322P_ctrl since it is negative ontrol genes. 
INFO  @ Mon, 17 Jul 2023 17:23:32:   Suppressing the output of gene P390P_ctrl since it is negative ontrol genes. 
INFO  @ Mon, 17 Jul 2023 17:23:32:   Suppressing the output of gene E346E_ctrl since it is negative ontrol genes. 
INFO  @ Mon, 17 Jul 2023 17:23:32:   Suppressing the output of gene G266G_ctrl since it is negative ontrol genes. 
INFO  @ Mon, 17 Jul 2023 17:23:32:   Suppressing the output of gene N310N_ctrl since it is negative ontrol genes. 
INFO  @ Mon, 17 Jul 2023 17:23:32:   Suppressing the output of gene F270F_ctrl since it is negative ontrol genes. 
INFO  @ Mon, 17 Jul 2023 17:23:32:   Suppressing the output of gene D42D_ctrl since it is negative ontrol genes. 
INFO  @ Mon, 17 Jul 2023 17:23:32:   Suppressing the output of gene P58P_ctrl since it is negative ontrol genes. 
INFO  @ Mon, 17 Jul 2023 17:23:32:   Suppressing the output of gene S90S_ctrl since it is negative ontrol genes. 
INFO  @ Mon, 17 Jul 2023 17:23:32:   Suppressing the output of gene T230T_ctrl since it is negative ontrol genes. 
INFO  @ Mon, 17 Jul 2023 17:23:32:   Suppressing the output of gene A70A_ctrl since it is negative ontrol genes. 
INFO  @ Mon, 17 Jul 2023 17:23:32:   Suppressing the output of gene P82P_ctrl since it is negative ontrol genes. 
INFO  @ Mon, 17 Jul 2023 17:23:32:   Suppressing the output of gene A86A_ctrl since it is negative ontrol genes. 
INFO  @ Mon, 17 Jul 2023 17:23:32:   Suppressing the output of gene T170T_ctrl since it is negative ontrol genes. 
INFO  @ Mon, 17 Jul 2023 17:23:32:   Suppressing the output of gene R174R_ctrl since it is negative ontrol genes. 
INFO  @ Mon, 17 Jul 2023 17:23:32:   RRA completed. 
INFO  @ Mon, 17 Jul 2023 17:23:32:   Groups deletion complete. 
INFO  @ Mon, 17 Jul 2023 17:23:32:   Lists deletion complete. 
INFO  @ Mon, 17 Jul 2023 17:23:32:   ControlSeqPercentile deletion complete. 
INFO  @ Mon, 17 Jul 2023 17:23:32:    
INFO  @ Mon, 17 Jul 2023 17:23:32: End command message. 
DEBUG @ Mon, 17 Jul 2023 17:23:32: Sorting the merged items by negative selection... 
INFO  @ Mon, 17 Jul 2023 17:23:32: Loading top 10 genes from D34_D4_w_controls.gene.low.txt: V173E,V172D,R174R,V172A,V173Ter,V173A,R174W,C176R,E171Ter,C176Y 
DEBUG @ Mon, 17 Jul 2023 17:23:32: Column index:3 
INFO  @ Mon, 17 Jul 2023 17:23:32: Loading top 10 genes from D34_D4_w_controls.gene.high.txt: D393N,L22L,V197L,R196Q,W23Ter,R196L,G325A,H193N,R267P,L330P 
DEBUG @ Mon, 17 Jul 2023 17:23:32: Column index:9 
INFO  @ Mon, 17 Jul 2023 17:23:32: Running command: rm D34_D4_w_controls.plow.txt 
INFO  @ Mon, 17 Jul 2023 17:23:32: Running command: rm D34_D4_w_controls.phigh.txt 
INFO  @ Mon, 17 Jul 2023 17:23:32: Running command: rm D34_D4_w_controls.gene.low.txt 
INFO  @ Mon, 17 Jul 2023 17:23:32: Running command: rm D34_D4_w_controls.gene.high.txt 
