INFO  @ Sat, 02 Sep 2023 21:27:51: Parameters: /Users/samgould/opt/anaconda3/envs/mageckenv/bin/mageck test -k /Users/samgould/Documents/GitHub/p53-sensor-NGS-analysis/MAGeCK/df1_mageck.txt -t D34-REP1 -c D4-REP1 --normcounts-to-file -n amp1_D34_D4_endogenous 
INFO  @ Sat, 02 Sep 2023 21:27:51: Welcome to MAGeCK v0.5.9.5. Command: test 
INFO  @ Sat, 02 Sep 2023 21:27:51: Loading count table from /Users/samgould/Documents/GitHub/p53-sensor-NGS-analysis/MAGeCK/df1_mageck.txt  
INFO  @ Sat, 02 Sep 2023 21:27:51: Processing 1 lines.. 
DEBUG @ Sat, 02 Sep 2023 21:27:51: Parsing error in line 1 (usually the header line). Skip this line. 
INFO  @ Sat, 02 Sep 2023 21:27:51: Loaded 163 records. 
INFO  @ Sat, 02 Sep 2023 21:27:51: Loading Rnw template file: /Users/samgould/opt/anaconda3/envs/mageckenv/lib/python3.10/site-packages/mageck/test_report.Rmd. 
DEBUG @ Sat, 02 Sep 2023 21:27:51: Setting up the visualization module... 
INFO  @ Sat, 02 Sep 2023 21:27:51: Loading R template file: /Users/samgould/opt/anaconda3/envs/mageckenv/lib/python3.10/site-packages/mageck/plot_template.RTemplate. 
INFO  @ Sat, 02 Sep 2023 21:27:51: Loading R template file: /Users/samgould/opt/anaconda3/envs/mageckenv/lib/python3.10/site-packages/mageck/plot_template_indvgene.RTemplate. 
INFO  @ Sat, 02 Sep 2023 21:27:51: Loading Rnw template file: /Users/samgould/opt/anaconda3/envs/mageckenv/lib/python3.10/site-packages/mageck/plot_template.Rnw. 
DEBUG @ Sat, 02 Sep 2023 21:27:51: Setting up the visualization module... 
DEBUG @ Sat, 02 Sep 2023 21:27:51: Given sample labels: D34-REP1 
DEBUG @ Sat, 02 Sep 2023 21:27:51: Converted index: 1 
INFO  @ Sat, 02 Sep 2023 21:27:51: Treatment samples:D34-REP1 
INFO  @ Sat, 02 Sep 2023 21:27:51: Treatment sample index:1 
DEBUG @ Sat, 02 Sep 2023 21:27:51: Given sample labels: D4-REP1 
DEBUG @ Sat, 02 Sep 2023 21:27:51: Converted index: 0 
INFO  @ Sat, 02 Sep 2023 21:27:51: Control samples:D4-REP1 
INFO  @ Sat, 02 Sep 2023 21:27:51: Control sample index:0 
DEBUG @ Sat, 02 Sep 2023 21:27:51: Initial (total) size factor: 0.981379558440411 1.0193407065517242 
DEBUG @ Sat, 02 Sep 2023 21:27:51: Median factor: 1.2097818647886727 0.8700396718157579 
INFO  @ Sat, 02 Sep 2023 21:27:51: Final size factor: 1.2097818647886727 0.8700396718157579 
INFO  @ Sat, 02 Sep 2023 21:27:51: Writing normalized read counts to amp1_D34_D4_endogenous.normalized.txt 
INFO  @ Sat, 02 Sep 2023 21:27:51: Detecting outliers from variance estimation.. Avg read count:[1655.870680313261], Var: [862291846802.6399] 
INFO  @ Sat, 02 Sep 2023 21:27:51: Skipping 1 sgRNAs from variance calculation because of their extreme high counts (> 4* STD (mean counts) ). 
DEBUG @ Sat, 02 Sep 2023 21:27:51: Adjusted model: 2.006013128138936	0 
INFO  @ Sat, 02 Sep 2023 21:27:51: Before RRA, 0 sgRNAs are removed with zero counts in both group(s). 
INFO  @ Sat, 02 Sep 2023 21:27:51: Use qnorm to reversely calculate sgRNA scores ... 
DEBUG @ Sat, 02 Sep 2023 21:27:51: lower test FDR cutoff: 0.0736196319018405 
DEBUG @ Sat, 02 Sep 2023 21:27:51: higher test FDR cutoff: 0.3067484662576687 
INFO  @ Sat, 02 Sep 2023 21:27:51: Running command: RRA -i amp1_D34_D4_endogenous.plow.txt -o amp1_D34_D4_endogenous.gene.low.txt -p 0.0736196319018405 --skip-gene NA --skip-gene na  
INFO  @ Sat, 02 Sep 2023 21:27:51: Command message: 
INFO  @ Sat, 02 Sep 2023 21:27:51:   Welcome to RRA v 0.5.9. 
INFO  @ Sat, 02 Sep 2023 21:27:51:   Skipping gene NA for permutation ... 
INFO  @ Sat, 02 Sep 2023 21:27:51:   Skipping gene na for permutation ... 
INFO  @ Sat, 02 Sep 2023 21:27:51:   Reading input file... 
INFO  @ Sat, 02 Sep 2023 21:27:51:   Summary: 163 sgRNAs, 163 genes, 1 lists; skipped sgRNAs:0 
INFO  @ Sat, 02 Sep 2023 21:27:51:   Computing lo-values for each group... 
INFO  @ Sat, 02 Sep 2023 21:27:51:   Computing false discovery rate... 
INFO  @ Sat, 02 Sep 2023 21:27:51:   Increase the number of permutations to 614 to get precise p values. To avoid this, use the --permutation option. 
INFO  @ Sat, 02 Sep 2023 21:27:51:   Permuting genes with 1 sgRNAs... 
INFO  @ Sat, 02 Sep 2023 21:27:51:   Number of genes under FDR adjustment: 163 
INFO  @ Sat, 02 Sep 2023 21:27:51:   Saving to output file... 
INFO  @ Sat, 02 Sep 2023 21:27:51:   RRA completed. 
INFO  @ Sat, 02 Sep 2023 21:27:51:   Groups deletion complete. 
INFO  @ Sat, 02 Sep 2023 21:27:51:   Lists deletion complete. 
INFO  @ Sat, 02 Sep 2023 21:27:51:    
INFO  @ Sat, 02 Sep 2023 21:27:51: End command message. 
INFO  @ Sat, 02 Sep 2023 21:27:51: Running command: RRA -i amp1_D34_D4_endogenous.phigh.txt -o amp1_D34_D4_endogenous.gene.high.txt -p 0.3067484662576687 --skip-gene NA --skip-gene na  
INFO  @ Sat, 02 Sep 2023 21:27:51: Command message: 
INFO  @ Sat, 02 Sep 2023 21:27:51:   Welcome to RRA v 0.5.9. 
INFO  @ Sat, 02 Sep 2023 21:27:51:   Skipping gene NA for permutation ... 
INFO  @ Sat, 02 Sep 2023 21:27:51:   Skipping gene na for permutation ... 
INFO  @ Sat, 02 Sep 2023 21:27:51:   Reading input file... 
INFO  @ Sat, 02 Sep 2023 21:27:51:   Summary: 163 sgRNAs, 163 genes, 1 lists; skipped sgRNAs:0 
INFO  @ Sat, 02 Sep 2023 21:27:51:   Computing lo-values for each group... 
INFO  @ Sat, 02 Sep 2023 21:27:51:   Computing false discovery rate... 
INFO  @ Sat, 02 Sep 2023 21:27:51:   Increase the number of permutations to 614 to get precise p values. To avoid this, use the --permutation option. 
INFO  @ Sat, 02 Sep 2023 21:27:51:   Permuting genes with 1 sgRNAs... 
INFO  @ Sat, 02 Sep 2023 21:27:51:   Number of genes under FDR adjustment: 163 
INFO  @ Sat, 02 Sep 2023 21:27:51:   Saving to output file... 
INFO  @ Sat, 02 Sep 2023 21:27:51:   RRA completed. 
INFO  @ Sat, 02 Sep 2023 21:27:51:   Groups deletion complete. 
INFO  @ Sat, 02 Sep 2023 21:27:51:   Lists deletion complete. 
INFO  @ Sat, 02 Sep 2023 21:27:51:    
INFO  @ Sat, 02 Sep 2023 21:27:51: End command message. 
DEBUG @ Sat, 02 Sep 2023 21:27:51: Sorting the merged items by negative selection... 
INFO  @ Sat, 02 Sep 2023 21:27:51: Loading top 10 genes from amp1_D34_D4_endogenous.gene.low.txt: G199V,T211NfsTer5,F212V,R202R,T211I,D208N,R213L,H214Q,H214IfsTer33,R213HfsTer35 
DEBUG @ Sat, 02 Sep 2023 21:27:51: Column index:3 
INFO  @ Sat, 02 Sep 2023 21:27:51: Loading top 10 genes from amp1_D34_D4_endogenous.gene.high.txt: R196PfsTer13,P222RfsTer25,Y220EfsTer389,P219VfsTer30,P219Ter,E224A,V197G,V218_P219insR,P191QfsTer392,G187VfsTer60 
DEBUG @ Sat, 02 Sep 2023 21:27:51: Column index:9 
INFO  @ Sat, 02 Sep 2023 21:27:51: Running command: rm amp1_D34_D4_endogenous.plow.txt 
INFO  @ Sat, 02 Sep 2023 21:27:51: Running command: rm amp1_D34_D4_endogenous.phigh.txt 
INFO  @ Sat, 02 Sep 2023 21:27:51: Running command: rm amp1_D34_D4_endogenous.gene.low.txt 
INFO  @ Sat, 02 Sep 2023 21:27:51: Running command: rm amp1_D34_D4_endogenous.gene.high.txt 
