INFO  @ Sat, 02 Sep 2023 21:28:47: Parameters: /Users/samgould/opt/anaconda3/envs/mageckenv/bin/mageck test -k /Users/samgould/Documents/GitHub/p53-sensor-NGS-analysis/MAGeCK/df1_mageck.txt -t D34-Nutlin-REP1 -c D4-REP1 --normcounts-to-file -n amp1_D34_NUT_D4_endogenous 
INFO  @ Sat, 02 Sep 2023 21:28:47: Welcome to MAGeCK v0.5.9.5. Command: test 
INFO  @ Sat, 02 Sep 2023 21:28:47: Loading count table from /Users/samgould/Documents/GitHub/p53-sensor-NGS-analysis/MAGeCK/df1_mageck.txt  
INFO  @ Sat, 02 Sep 2023 21:28:47: Processing 1 lines.. 
DEBUG @ Sat, 02 Sep 2023 21:28:47: Parsing error in line 1 (usually the header line). Skip this line. 
INFO  @ Sat, 02 Sep 2023 21:28:47: Loaded 163 records. 
INFO  @ Sat, 02 Sep 2023 21:28:47: Loading Rnw template file: /Users/samgould/opt/anaconda3/envs/mageckenv/lib/python3.10/site-packages/mageck/test_report.Rmd. 
DEBUG @ Sat, 02 Sep 2023 21:28:47: Setting up the visualization module... 
INFO  @ Sat, 02 Sep 2023 21:28:47: Loading R template file: /Users/samgould/opt/anaconda3/envs/mageckenv/lib/python3.10/site-packages/mageck/plot_template.RTemplate. 
INFO  @ Sat, 02 Sep 2023 21:28:47: Loading R template file: /Users/samgould/opt/anaconda3/envs/mageckenv/lib/python3.10/site-packages/mageck/plot_template_indvgene.RTemplate. 
INFO  @ Sat, 02 Sep 2023 21:28:47: Loading Rnw template file: /Users/samgould/opt/anaconda3/envs/mageckenv/lib/python3.10/site-packages/mageck/plot_template.Rnw. 
DEBUG @ Sat, 02 Sep 2023 21:28:47: Setting up the visualization module... 
DEBUG @ Sat, 02 Sep 2023 21:28:47: Given sample labels: D34-Nutlin-REP1 
DEBUG @ Sat, 02 Sep 2023 21:28:47: Converted index: 2 
INFO  @ Sat, 02 Sep 2023 21:28:47: Treatment samples:D34-Nutlin-REP1 
INFO  @ Sat, 02 Sep 2023 21:28:47: Treatment sample index:2 
DEBUG @ Sat, 02 Sep 2023 21:28:47: Given sample labels: D4-REP1 
DEBUG @ Sat, 02 Sep 2023 21:28:47: Converted index: 0 
INFO  @ Sat, 02 Sep 2023 21:28:47: Control samples:D4-REP1 
INFO  @ Sat, 02 Sep 2023 21:28:47: Control sample index:0 
DEBUG @ Sat, 02 Sep 2023 21:28:47: Initial (total) size factor: 1.032370468398079 0.9695977986011481 
DEBUG @ Sat, 02 Sep 2023 21:28:47: Median factor: 1.8356271552803098 0.5451744504376216 
INFO  @ Sat, 02 Sep 2023 21:28:47: Final size factor: 1.8356271552803098 0.5451744504376216 
INFO  @ Sat, 02 Sep 2023 21:28:47: Writing normalized read counts to amp1_D34_NUT_D4_endogenous.normalized.txt 
INFO  @ Sat, 02 Sep 2023 21:28:47: Detecting outliers from variance estimation.. Avg read count:[2593.19599596064], Var: [1174910866801.7686] 
INFO  @ Sat, 02 Sep 2023 21:28:47: Skipping 1 sgRNAs from variance calculation because of their extreme high counts (> 4* STD (mean counts) ). 
DEBUG @ Sat, 02 Sep 2023 21:28:47: Adjusted model: 2.0999668725669056	0 
INFO  @ Sat, 02 Sep 2023 21:28:47: Before RRA, 0 sgRNAs are removed with zero counts in both group(s). 
INFO  @ Sat, 02 Sep 2023 21:28:47: Use qnorm to reversely calculate sgRNA scores ... 
DEBUG @ Sat, 02 Sep 2023 21:28:47: lower test FDR cutoff: 0.44171779141104295 
DEBUG @ Sat, 02 Sep 2023 21:28:47: higher test FDR cutoff: 0.34355828220858897 
INFO  @ Sat, 02 Sep 2023 21:28:47: Running command: RRA -i amp1_D34_NUT_D4_endogenous.plow.txt -o amp1_D34_NUT_D4_endogenous.gene.low.txt -p 0.44171779141104295 --skip-gene NA --skip-gene na  
INFO  @ Sat, 02 Sep 2023 21:28:47: Command message: 
INFO  @ Sat, 02 Sep 2023 21:28:47:   Welcome to RRA v 0.5.9. 
INFO  @ Sat, 02 Sep 2023 21:28:47:   Skipping gene NA for permutation ... 
INFO  @ Sat, 02 Sep 2023 21:28:47:   Skipping gene na for permutation ... 
INFO  @ Sat, 02 Sep 2023 21:28:47:   Reading input file... 
INFO  @ Sat, 02 Sep 2023 21:28:47:   Summary: 163 sgRNAs, 163 genes, 1 lists; skipped sgRNAs:0 
INFO  @ Sat, 02 Sep 2023 21:28:47:   Computing lo-values for each group... 
INFO  @ Sat, 02 Sep 2023 21:28:47:   Computing false discovery rate... 
INFO  @ Sat, 02 Sep 2023 21:28:47:   Increase the number of permutations to 614 to get precise p values. To avoid this, use the --permutation option. 
INFO  @ Sat, 02 Sep 2023 21:28:47:   Permuting genes with 1 sgRNAs... 
INFO  @ Sat, 02 Sep 2023 21:28:47:   Number of genes under FDR adjustment: 163 
INFO  @ Sat, 02 Sep 2023 21:28:47:   Saving to output file... 
INFO  @ Sat, 02 Sep 2023 21:28:47:   RRA completed. 
INFO  @ Sat, 02 Sep 2023 21:28:47:   Groups deletion complete. 
INFO  @ Sat, 02 Sep 2023 21:28:47:   Lists deletion complete. 
INFO  @ Sat, 02 Sep 2023 21:28:47:    
INFO  @ Sat, 02 Sep 2023 21:28:47: End command message. 
INFO  @ Sat, 02 Sep 2023 21:28:47: Running command: RRA -i amp1_D34_NUT_D4_endogenous.phigh.txt -o amp1_D34_NUT_D4_endogenous.gene.high.txt -p 0.34355828220858897 --skip-gene NA --skip-gene na  
INFO  @ Sat, 02 Sep 2023 21:28:47: Command message: 
INFO  @ Sat, 02 Sep 2023 21:28:47:   Welcome to RRA v 0.5.9. 
INFO  @ Sat, 02 Sep 2023 21:28:47:   Skipping gene NA for permutation ... 
INFO  @ Sat, 02 Sep 2023 21:28:47:   Skipping gene na for permutation ... 
INFO  @ Sat, 02 Sep 2023 21:28:47:   Reading input file... 
INFO  @ Sat, 02 Sep 2023 21:28:47:   Summary: 163 sgRNAs, 163 genes, 1 lists; skipped sgRNAs:0 
INFO  @ Sat, 02 Sep 2023 21:28:47:   Computing lo-values for each group... 
INFO  @ Sat, 02 Sep 2023 21:28:47:   Computing false discovery rate... 
INFO  @ Sat, 02 Sep 2023 21:28:47:   Increase the number of permutations to 614 to get precise p values. To avoid this, use the --permutation option. 
INFO  @ Sat, 02 Sep 2023 21:28:47:   Permuting genes with 1 sgRNAs... 
INFO  @ Sat, 02 Sep 2023 21:28:47:   Number of genes under FDR adjustment: 163 
INFO  @ Sat, 02 Sep 2023 21:28:47:   Saving to output file... 
INFO  @ Sat, 02 Sep 2023 21:28:47:   RRA completed. 
INFO  @ Sat, 02 Sep 2023 21:28:47:   Groups deletion complete. 
INFO  @ Sat, 02 Sep 2023 21:28:47:   Lists deletion complete. 
INFO  @ Sat, 02 Sep 2023 21:28:47:    
INFO  @ Sat, 02 Sep 2023 21:28:47: End command message. 
DEBUG @ Sat, 02 Sep 2023 21:28:47: Sorting the merged items by negative selection... 
INFO  @ Sat, 02 Sep 2023 21:28:47: Loading top 10 genes from amp1_D34_NUT_D4_endogenous.gene.low.txt: WT,R202C,N210N,R202R,R213Ter,T211I,F212V,F212Y,R213Q,L194F 
DEBUG @ Sat, 02 Sep 2023 21:28:47: Column index:3 
INFO  @ Sat, 02 Sep 2023 21:28:47: Loading top 10 genes from amp1_D34_NUT_D4_endogenous.gene.high.txt: R196PfsTer13,P222RfsTer25,Y220EfsTer389,P191QfsTer392,P219Ter,E198_G198del,G187VfsTer60,L201IfsTer8,V218CfsTer29,E224A 
DEBUG @ Sat, 02 Sep 2023 21:28:47: Column index:9 
INFO  @ Sat, 02 Sep 2023 21:28:47: Running command: rm amp1_D34_NUT_D4_endogenous.plow.txt 
INFO  @ Sat, 02 Sep 2023 21:28:47: Running command: rm amp1_D34_NUT_D4_endogenous.phigh.txt 
INFO  @ Sat, 02 Sep 2023 21:28:47: Running command: rm amp1_D34_NUT_D4_endogenous.gene.low.txt 
INFO  @ Sat, 02 Sep 2023 21:28:47: Running command: rm amp1_D34_NUT_D4_endogenous.gene.high.txt 
