INFO  @ Wed, 19 Jul 2023 12:18:45: Parameters: /Users/samgould/opt/anaconda3/envs/mageckenv/bin/mageck test -k /Users/samgould/Desktop/MaGeCK/counts_w_neutrals_v1.txt -t D16-REP1,D16-REP2,D16-REP3 -c D4-REP1,D4-REP2,D4-REP3 --control-sgrna /Users/samgould/Desktop/MaGeCK/neutral_pegs_v1.txt --normcounts-to-file -n D16_D4_w_controls 
INFO  @ Wed, 19 Jul 2023 12:18:45: Welcome to MAGeCK v0.5.9.5. Command: test 
INFO  @ Wed, 19 Jul 2023 12:18:45: Loading count table from /Users/samgould/Desktop/MaGeCK/counts_w_neutrals_v1.txt  
INFO  @ Wed, 19 Jul 2023 12:18:45: Processing 1 lines.. 
DEBUG @ Wed, 19 Jul 2023 12:18:45: Parsing error in line 1 (usually the header line). Skip this line. 
INFO  @ Wed, 19 Jul 2023 12:18:45: Loaded 28549 records. 
INFO  @ Wed, 19 Jul 2023 12:18:45: 30 out of 30 control sgRNAs are found in count table. 
INFO  @ Wed, 19 Jul 2023 12:18:45: Loading Rnw template file: /Users/samgould/opt/anaconda3/envs/mageckenv/lib/python3.10/site-packages/mageck/test_report.Rmd. 
DEBUG @ Wed, 19 Jul 2023 12:18:45: Setting up the visualization module... 
INFO  @ Wed, 19 Jul 2023 12:18:45: Loading R template file: /Users/samgould/opt/anaconda3/envs/mageckenv/lib/python3.10/site-packages/mageck/plot_template.RTemplate. 
INFO  @ Wed, 19 Jul 2023 12:18:45: Loading R template file: /Users/samgould/opt/anaconda3/envs/mageckenv/lib/python3.10/site-packages/mageck/plot_template_indvgene.RTemplate. 
INFO  @ Wed, 19 Jul 2023 12:18:45: Loading Rnw template file: /Users/samgould/opt/anaconda3/envs/mageckenv/lib/python3.10/site-packages/mageck/plot_template.Rnw. 
DEBUG @ Wed, 19 Jul 2023 12:18:45: Setting up the visualization module... 
DEBUG @ Wed, 19 Jul 2023 12:18:45: Given sample labels: D16-REP1,D16-REP2,D16-REP3 
DEBUG @ Wed, 19 Jul 2023 12:18:45: Converted index: 4 5 6 
INFO  @ Wed, 19 Jul 2023 12:18:45: Treatment samples:D16-REP1,D16-REP2,D16-REP3 
INFO  @ Wed, 19 Jul 2023 12:18:45: Treatment sample index:4,5,6 
DEBUG @ Wed, 19 Jul 2023 12:18:45: Given sample labels: D4-REP1,D4-REP2,D4-REP3 
DEBUG @ Wed, 19 Jul 2023 12:18:45: Converted index: 1 2 3 
INFO  @ Wed, 19 Jul 2023 12:18:45: Control samples:D4-REP1,D4-REP2,D4-REP3 
INFO  @ Wed, 19 Jul 2023 12:18:45: Control sample index:1,2,3 
DEBUG @ Wed, 19 Jul 2023 12:18:45: Initial (total) size factor: 3.806407165334311 1.040941818020187 1.1920145988145092 0.6022995075883835 0.9704405629196065 0.8019649180869083 
DEBUG @ Wed, 19 Jul 2023 12:18:45: Median factor: 4.144446320404558 0.9148747908911494 1.1337263088266856 0.44085979435535766 0.8223035251933573 0.6905021184536776 
INFO  @ Wed, 19 Jul 2023 12:18:45: Final size factor: 4.144446320404558 0.9148747908911494 1.1337263088266856 0.44085979435535766 0.8223035251933573 0.6905021184536776 
INFO  @ Wed, 19 Jul 2023 12:18:45: Writing normalized read counts to D16_D4_w_controls.normalized.txt 
INFO  @ Wed, 19 Jul 2023 12:18:45: Detecting outliers from variance estimation.. Avg read count:[229.01271438299048], Var: [23669067.83000685] 
INFO  @ Wed, 19 Jul 2023 12:18:45: Skipping 418 sgRNAs from variance calculation because of their extreme high counts (> 4* STD (mean counts) ). 
DEBUG @ Wed, 19 Jul 2023 12:18:45: Adjusted model: 1.7420218903853728	0 
INFO  @ Wed, 19 Jul 2023 12:18:45: Before RRA, 1035 sgRNAs are removed with zero counts in both group(s). 
INFO  @ Wed, 19 Jul 2023 12:18:46: Use qnorm to reversely calculate sgRNA scores ... 
DEBUG @ Wed, 19 Jul 2023 12:18:46: lower test FDR cutoff: 0.3064258195827579 
DEBUG @ Wed, 19 Jul 2023 12:18:46: higher test FDR cutoff: 0.3117685541905939 
INFO  @ Wed, 19 Jul 2023 12:18:46: Running command: RRA -i D16_D4_w_controls.plow.txt -o D16_D4_w_controls.gene.low.txt -p 0.3064258195827579 --control /Users/samgould/Desktop/MaGeCK/neutral_pegs_v1.txt --skip-gene NA --skip-gene na  
INFO  @ Wed, 19 Jul 2023 12:18:54: Command message: 
INFO  @ Wed, 19 Jul 2023 12:18:54:   Welcome to RRA v 0.5.9. 
INFO  @ Wed, 19 Jul 2023 12:18:54:   31 control sequences loaded. 
INFO  @ Wed, 19 Jul 2023 12:18:54:   Skipping gene NA for permutation ... 
INFO  @ Wed, 19 Jul 2023 12:18:54:   Skipping gene na for permutation ... 
INFO  @ Wed, 19 Jul 2023 12:18:54:   Reading input file... 
INFO  @ Wed, 19 Jul 2023 12:18:54:   Summary: 27514 sgRNAs, 1227 genes, 1 lists; skipped sgRNAs:0 
INFO  @ Wed, 19 Jul 2023 12:18:54:   Computing lo-values for each group... 
INFO  @ Wed, 19 Jul 2023 12:18:54:   Skipping gene R174R_ctrl for permutation ... 
INFO  @ Wed, 19 Jul 2023 12:18:54:   Skipping gene T170T_ctrl for permutation ... 
INFO  @ Wed, 19 Jul 2023 12:18:54:   Skipping gene A86A_ctrl for permutation ... 
INFO  @ Wed, 19 Jul 2023 12:18:54:   Skipping gene P82P_ctrl for permutation ... 
INFO  @ Wed, 19 Jul 2023 12:18:54:   Skipping gene D42D_ctrl for permutation ... 
INFO  @ Wed, 19 Jul 2023 12:18:54:   Skipping gene S90S_ctrl for permutation ... 
INFO  @ Wed, 19 Jul 2023 12:18:54:   Skipping gene T230T_ctrl for permutation ... 
INFO  @ Wed, 19 Jul 2023 12:18:54:   Skipping gene F270F_ctrl for permutation ... 
INFO  @ Wed, 19 Jul 2023 12:18:54:   Skipping gene A70A_ctrl for permutation ... 
INFO  @ Wed, 19 Jul 2023 12:18:54:   Skipping gene P58P_ctrl for permutation ... 
INFO  @ Wed, 19 Jul 2023 12:18:54:   Skipping gene G266G_ctrl for permutation ... 
INFO  @ Wed, 19 Jul 2023 12:18:54:   Skipping gene G262G_ctrl for permutation ... 
INFO  @ Wed, 19 Jul 2023 12:18:54:   Skipping gene P390P_ctrl for permutation ... 
INFO  @ Wed, 19 Jul 2023 12:18:54:   Skipping gene N310N_ctrl for permutation ... 
INFO  @ Wed, 19 Jul 2023 12:18:54:   Skipping gene E346E_ctrl for permutation ... 
INFO  @ Wed, 19 Jul 2023 12:18:54:   Skipping gene E326E_ctrl for permutation ... 
INFO  @ Wed, 19 Jul 2023 12:18:54:   Skipping gene P322P_ctrl for permutation ... 
INFO  @ Wed, 19 Jul 2023 12:18:54:   Warning: sgRNA  not found in the ranked list.  
INFO  @ Wed, 19 Jul 2023 12:18:54:   Computing false discovery rate... 
INFO  @ Wed, 19 Jul 2023 12:18:54:   Total # control sgRNAs: 30 
INFO  @ Wed, 19 Jul 2023 12:18:54:   Permuting genes with 1 sgRNAs... 
INFO  @ Wed, 19 Jul 2023 12:18:54:   Permuting genes with 2 sgRNAs... 
INFO  @ Wed, 19 Jul 2023 12:18:54:   Permuting genes with 3 sgRNAs... 
INFO  @ Wed, 19 Jul 2023 12:18:54:   Permuting genes with 4 sgRNAs... 
INFO  @ Wed, 19 Jul 2023 12:18:54:   Permuting genes with 5 sgRNAs... 
INFO  @ Wed, 19 Jul 2023 12:18:54:   Permuting genes with 6 sgRNAs... 
INFO  @ Wed, 19 Jul 2023 12:18:54:   Permuting genes with 7 sgRNAs... 
INFO  @ Wed, 19 Jul 2023 12:18:54:   Permuting genes with 8 sgRNAs... 
INFO  @ Wed, 19 Jul 2023 12:18:54:   Permuting genes with 9 sgRNAs... 
INFO  @ Wed, 19 Jul 2023 12:18:54:   Permuting genes with 10 sgRNAs... 
INFO  @ Wed, 19 Jul 2023 12:18:54:   Permuting genes with 11 sgRNAs... 
INFO  @ Wed, 19 Jul 2023 12:18:54:   Permuting genes with 12 sgRNAs... 
INFO  @ Wed, 19 Jul 2023 12:18:54:   Permuting genes with 13 sgRNAs... 
INFO  @ Wed, 19 Jul 2023 12:18:54:   Permuting genes with 14 sgRNAs... 
INFO  @ Wed, 19 Jul 2023 12:18:54:   Permuting genes with 15 sgRNAs... 
INFO  @ Wed, 19 Jul 2023 12:18:54:   Permuting genes with 16 sgRNAs... 
INFO  @ Wed, 19 Jul 2023 12:18:54:   Permuting genes with 17 sgRNAs... 
INFO  @ Wed, 19 Jul 2023 12:18:54:   Permuting genes with 18 sgRNAs... 
INFO  @ Wed, 19 Jul 2023 12:18:54:   Permuting genes with 19 sgRNAs... 
INFO  @ Wed, 19 Jul 2023 12:18:54:   Permuting genes with 20 sgRNAs... 
INFO  @ Wed, 19 Jul 2023 12:18:54:   Permuting genes with 21 sgRNAs... 
INFO  @ Wed, 19 Jul 2023 12:18:54:   Permuting genes with 22 sgRNAs... 
INFO  @ Wed, 19 Jul 2023 12:18:54:   Permuting genes with 23 sgRNAs... 
INFO  @ Wed, 19 Jul 2023 12:18:54:   Permuting genes with 24 sgRNAs... 
INFO  @ Wed, 19 Jul 2023 12:18:54:   Permuting genes with 25 sgRNAs... 
INFO  @ Wed, 19 Jul 2023 12:18:54:   Permuting genes with 26 sgRNAs... 
INFO  @ Wed, 19 Jul 2023 12:18:54:   Permuting genes with 27 sgRNAs... 
INFO  @ Wed, 19 Jul 2023 12:18:54:   Permuting genes with 28 sgRNAs... 
INFO  @ Wed, 19 Jul 2023 12:18:54:   Permuting genes with 29 sgRNAs... 
INFO  @ Wed, 19 Jul 2023 12:18:54:   Permuting genes with 30 sgRNAs... 
INFO  @ Wed, 19 Jul 2023 12:18:54:   Permuting genes with 31 sgRNAs... 
INFO  @ Wed, 19 Jul 2023 12:18:54:   Permuting genes with 35 sgRNAs... 
INFO  @ Wed, 19 Jul 2023 12:18:54:   Permuting genes with 39 sgRNAs... 
INFO  @ Wed, 19 Jul 2023 12:18:54:   Permuting genes with 49 sgRNAs... 
INFO  @ Wed, 19 Jul 2023 12:18:54:   Permuting genes with 54 sgRNAs... 
INFO  @ Wed, 19 Jul 2023 12:18:54:   Permuting genes with 56 sgRNAs... 
INFO  @ Wed, 19 Jul 2023 12:18:54:   Permuting genes with 60 sgRNAs... 
INFO  @ Wed, 19 Jul 2023 12:18:54:   Number of genes under FDR adjustment: 1227 
INFO  @ Wed, 19 Jul 2023 12:18:54:   Saving to output file... 
INFO  @ Wed, 19 Jul 2023 12:18:54:   Suppressing the output of gene R174R_ctrl since it is negative ontrol genes. 
INFO  @ Wed, 19 Jul 2023 12:18:54:   Suppressing the output of gene T170T_ctrl since it is negative ontrol genes. 
INFO  @ Wed, 19 Jul 2023 12:18:54:   Suppressing the output of gene A86A_ctrl since it is negative ontrol genes. 
INFO  @ Wed, 19 Jul 2023 12:18:54:   Suppressing the output of gene P82P_ctrl since it is negative ontrol genes. 
INFO  @ Wed, 19 Jul 2023 12:18:54:   Suppressing the output of gene D42D_ctrl since it is negative ontrol genes. 
INFO  @ Wed, 19 Jul 2023 12:18:54:   Suppressing the output of gene S90S_ctrl since it is negative ontrol genes. 
INFO  @ Wed, 19 Jul 2023 12:18:54:   Suppressing the output of gene T230T_ctrl since it is negative ontrol genes. 
INFO  @ Wed, 19 Jul 2023 12:18:54:   Suppressing the output of gene F270F_ctrl since it is negative ontrol genes. 
INFO  @ Wed, 19 Jul 2023 12:18:54:   Suppressing the output of gene P58P_ctrl since it is negative ontrol genes. 
INFO  @ Wed, 19 Jul 2023 12:18:54:   Suppressing the output of gene G266G_ctrl since it is negative ontrol genes. 
INFO  @ Wed, 19 Jul 2023 12:18:54:   Suppressing the output of gene P390P_ctrl since it is negative ontrol genes. 
INFO  @ Wed, 19 Jul 2023 12:18:54:   Suppressing the output of gene A70A_ctrl since it is negative ontrol genes. 
INFO  @ Wed, 19 Jul 2023 12:18:54:   Suppressing the output of gene N310N_ctrl since it is negative ontrol genes. 
INFO  @ Wed, 19 Jul 2023 12:18:54:   Suppressing the output of gene E346E_ctrl since it is negative ontrol genes. 
INFO  @ Wed, 19 Jul 2023 12:18:54:   Suppressing the output of gene P322P_ctrl since it is negative ontrol genes. 
INFO  @ Wed, 19 Jul 2023 12:18:54:   Suppressing the output of gene E326E_ctrl since it is negative ontrol genes. 
INFO  @ Wed, 19 Jul 2023 12:18:54:   Suppressing the output of gene G262G_ctrl since it is negative ontrol genes. 
INFO  @ Wed, 19 Jul 2023 12:18:54:   RRA completed. 
INFO  @ Wed, 19 Jul 2023 12:18:54:   Groups deletion complete. 
INFO  @ Wed, 19 Jul 2023 12:18:54:   Lists deletion complete. 
INFO  @ Wed, 19 Jul 2023 12:18:54:   ControlSeqPercentile deletion complete. 
INFO  @ Wed, 19 Jul 2023 12:18:54:    
INFO  @ Wed, 19 Jul 2023 12:18:54: End command message. 
INFO  @ Wed, 19 Jul 2023 12:18:54: Running command: RRA -i D16_D4_w_controls.phigh.txt -o D16_D4_w_controls.gene.high.txt -p 0.3117685541905939 --control /Users/samgould/Desktop/MaGeCK/neutral_pegs_v1.txt --skip-gene NA --skip-gene na  
INFO  @ Wed, 19 Jul 2023 12:19:01: Command message: 
INFO  @ Wed, 19 Jul 2023 12:19:01:   Welcome to RRA v 0.5.9. 
INFO  @ Wed, 19 Jul 2023 12:19:01:   31 control sequences loaded. 
INFO  @ Wed, 19 Jul 2023 12:19:01:   Skipping gene NA for permutation ... 
INFO  @ Wed, 19 Jul 2023 12:19:01:   Skipping gene na for permutation ... 
INFO  @ Wed, 19 Jul 2023 12:19:01:   Reading input file... 
INFO  @ Wed, 19 Jul 2023 12:19:01:   Summary: 27514 sgRNAs, 1227 genes, 1 lists; skipped sgRNAs:0 
INFO  @ Wed, 19 Jul 2023 12:19:01:   Computing lo-values for each group... 
INFO  @ Wed, 19 Jul 2023 12:19:01:   Skipping gene P322P_ctrl for permutation ... 
INFO  @ Wed, 19 Jul 2023 12:19:01:   Skipping gene E326E_ctrl for permutation ... 
INFO  @ Wed, 19 Jul 2023 12:19:01:   Skipping gene E346E_ctrl for permutation ... 
INFO  @ Wed, 19 Jul 2023 12:19:01:   Skipping gene N310N_ctrl for permutation ... 
INFO  @ Wed, 19 Jul 2023 12:19:01:   Skipping gene G262G_ctrl for permutation ... 
INFO  @ Wed, 19 Jul 2023 12:19:01:   Skipping gene P390P_ctrl for permutation ... 
INFO  @ Wed, 19 Jul 2023 12:19:01:   Skipping gene A70A_ctrl for permutation ... 
INFO  @ Wed, 19 Jul 2023 12:19:01:   Skipping gene G266G_ctrl for permutation ... 
INFO  @ Wed, 19 Jul 2023 12:19:01:   Skipping gene P58P_ctrl for permutation ... 
INFO  @ Wed, 19 Jul 2023 12:19:01:   Skipping gene F270F_ctrl for permutation ... 
INFO  @ Wed, 19 Jul 2023 12:19:01:   Skipping gene T230T_ctrl for permutation ... 
INFO  @ Wed, 19 Jul 2023 12:19:01:   Skipping gene A86A_ctrl for permutation ... 
INFO  @ Wed, 19 Jul 2023 12:19:01:   Skipping gene S90S_ctrl for permutation ... 
INFO  @ Wed, 19 Jul 2023 12:19:01:   Skipping gene D42D_ctrl for permutation ... 
INFO  @ Wed, 19 Jul 2023 12:19:01:   Skipping gene P82P_ctrl for permutation ... 
INFO  @ Wed, 19 Jul 2023 12:19:01:   Skipping gene T170T_ctrl for permutation ... 
INFO  @ Wed, 19 Jul 2023 12:19:01:   Skipping gene R174R_ctrl for permutation ... 
INFO  @ Wed, 19 Jul 2023 12:19:01:   Warning: sgRNA  not found in the ranked list.  
INFO  @ Wed, 19 Jul 2023 12:19:01:   Computing false discovery rate... 
INFO  @ Wed, 19 Jul 2023 12:19:01:   Total # control sgRNAs: 30 
INFO  @ Wed, 19 Jul 2023 12:19:01:   Permuting genes with 1 sgRNAs... 
INFO  @ Wed, 19 Jul 2023 12:19:01:   Permuting genes with 2 sgRNAs... 
INFO  @ Wed, 19 Jul 2023 12:19:01:   Permuting genes with 3 sgRNAs... 
INFO  @ Wed, 19 Jul 2023 12:19:01:   Permuting genes with 4 sgRNAs... 
INFO  @ Wed, 19 Jul 2023 12:19:01:   Permuting genes with 5 sgRNAs... 
INFO  @ Wed, 19 Jul 2023 12:19:01:   Permuting genes with 6 sgRNAs... 
INFO  @ Wed, 19 Jul 2023 12:19:01:   Permuting genes with 7 sgRNAs... 
INFO  @ Wed, 19 Jul 2023 12:19:01:   Permuting genes with 8 sgRNAs... 
INFO  @ Wed, 19 Jul 2023 12:19:01:   Permuting genes with 9 sgRNAs... 
INFO  @ Wed, 19 Jul 2023 12:19:01:   Permuting genes with 10 sgRNAs... 
INFO  @ Wed, 19 Jul 2023 12:19:01:   Permuting genes with 11 sgRNAs... 
INFO  @ Wed, 19 Jul 2023 12:19:01:   Permuting genes with 12 sgRNAs... 
INFO  @ Wed, 19 Jul 2023 12:19:01:   Permuting genes with 13 sgRNAs... 
INFO  @ Wed, 19 Jul 2023 12:19:01:   Permuting genes with 14 sgRNAs... 
INFO  @ Wed, 19 Jul 2023 12:19:01:   Permuting genes with 15 sgRNAs... 
INFO  @ Wed, 19 Jul 2023 12:19:01:   Permuting genes with 16 sgRNAs... 
INFO  @ Wed, 19 Jul 2023 12:19:01:   Permuting genes with 17 sgRNAs... 
INFO  @ Wed, 19 Jul 2023 12:19:01:   Permuting genes with 18 sgRNAs... 
INFO  @ Wed, 19 Jul 2023 12:19:01:   Permuting genes with 19 sgRNAs... 
INFO  @ Wed, 19 Jul 2023 12:19:01:   Permuting genes with 20 sgRNAs... 
INFO  @ Wed, 19 Jul 2023 12:19:01:   Permuting genes with 21 sgRNAs... 
INFO  @ Wed, 19 Jul 2023 12:19:01:   Permuting genes with 22 sgRNAs... 
INFO  @ Wed, 19 Jul 2023 12:19:01:   Permuting genes with 23 sgRNAs... 
INFO  @ Wed, 19 Jul 2023 12:19:01:   Permuting genes with 24 sgRNAs... 
INFO  @ Wed, 19 Jul 2023 12:19:01:   Permuting genes with 25 sgRNAs... 
INFO  @ Wed, 19 Jul 2023 12:19:01:   Permuting genes with 26 sgRNAs... 
INFO  @ Wed, 19 Jul 2023 12:19:01:   Permuting genes with 27 sgRNAs... 
INFO  @ Wed, 19 Jul 2023 12:19:01:   Permuting genes with 28 sgRNAs... 
INFO  @ Wed, 19 Jul 2023 12:19:01:   Permuting genes with 29 sgRNAs... 
INFO  @ Wed, 19 Jul 2023 12:19:01:   Permuting genes with 30 sgRNAs... 
INFO  @ Wed, 19 Jul 2023 12:19:01:   Permuting genes with 31 sgRNAs... 
INFO  @ Wed, 19 Jul 2023 12:19:01:   Permuting genes with 35 sgRNAs... 
INFO  @ Wed, 19 Jul 2023 12:19:01:   Permuting genes with 39 sgRNAs... 
INFO  @ Wed, 19 Jul 2023 12:19:01:   Permuting genes with 49 sgRNAs... 
INFO  @ Wed, 19 Jul 2023 12:19:01:   Permuting genes with 54 sgRNAs... 
INFO  @ Wed, 19 Jul 2023 12:19:01:   Permuting genes with 56 sgRNAs... 
INFO  @ Wed, 19 Jul 2023 12:19:01:   Permuting genes with 60 sgRNAs... 
INFO  @ Wed, 19 Jul 2023 12:19:01:   Number of genes under FDR adjustment: 1227 
INFO  @ Wed, 19 Jul 2023 12:19:01:   Saving to output file... 
INFO  @ Wed, 19 Jul 2023 12:19:01:   Suppressing the output of gene G262G_ctrl since it is negative ontrol genes. 
INFO  @ Wed, 19 Jul 2023 12:19:01:   Suppressing the output of gene E326E_ctrl since it is negative ontrol genes. 
INFO  @ Wed, 19 Jul 2023 12:19:01:   Suppressing the output of gene P322P_ctrl since it is negative ontrol genes. 
INFO  @ Wed, 19 Jul 2023 12:19:01:   Suppressing the output of gene E346E_ctrl since it is negative ontrol genes. 
INFO  @ Wed, 19 Jul 2023 12:19:01:   Suppressing the output of gene N310N_ctrl since it is negative ontrol genes. 
INFO  @ Wed, 19 Jul 2023 12:19:01:   Suppressing the output of gene P390P_ctrl since it is negative ontrol genes. 
INFO  @ Wed, 19 Jul 2023 12:19:01:   Suppressing the output of gene G266G_ctrl since it is negative ontrol genes. 
INFO  @ Wed, 19 Jul 2023 12:19:01:   Suppressing the output of gene P58P_ctrl since it is negative ontrol genes. 
INFO  @ Wed, 19 Jul 2023 12:19:01:   Suppressing the output of gene F270F_ctrl since it is negative ontrol genes. 
INFO  @ Wed, 19 Jul 2023 12:19:01:   Suppressing the output of gene T230T_ctrl since it is negative ontrol genes. 
INFO  @ Wed, 19 Jul 2023 12:19:01:   Suppressing the output of gene A70A_ctrl since it is negative ontrol genes. 
INFO  @ Wed, 19 Jul 2023 12:19:01:   Suppressing the output of gene S90S_ctrl since it is negative ontrol genes. 
INFO  @ Wed, 19 Jul 2023 12:19:01:   Suppressing the output of gene D42D_ctrl since it is negative ontrol genes. 
INFO  @ Wed, 19 Jul 2023 12:19:01:   Suppressing the output of gene P82P_ctrl since it is negative ontrol genes. 
INFO  @ Wed, 19 Jul 2023 12:19:01:   Suppressing the output of gene A86A_ctrl since it is negative ontrol genes. 
INFO  @ Wed, 19 Jul 2023 12:19:01:   Suppressing the output of gene T170T_ctrl since it is negative ontrol genes. 
INFO  @ Wed, 19 Jul 2023 12:19:01:   Suppressing the output of gene R174R_ctrl since it is negative ontrol genes. 
INFO  @ Wed, 19 Jul 2023 12:19:01:   RRA completed. 
INFO  @ Wed, 19 Jul 2023 12:19:01:   Groups deletion complete. 
INFO  @ Wed, 19 Jul 2023 12:19:01:   Lists deletion complete. 
INFO  @ Wed, 19 Jul 2023 12:19:01:   ControlSeqPercentile deletion complete. 
INFO  @ Wed, 19 Jul 2023 12:19:01:    
INFO  @ Wed, 19 Jul 2023 12:19:01: End command message. 
DEBUG @ Wed, 19 Jul 2023 12:19:01: Sorting the merged items by negative selection... 
INFO  @ Wed, 19 Jul 2023 12:19:01: Loading top 10 genes from D16_D4_w_controls.gene.low.txt: V173A,V173E,H179PfsTer2,R174W,R174R,V172A,E171G,E171Ter,V172D,V173M 
DEBUG @ Wed, 19 Jul 2023 12:19:01: Column index:3 
INFO  @ Wed, 19 Jul 2023 12:19:01: Loading top 10 genes from D16_D4_w_controls.gene.high.txt: Q331H,L22L,V197L,D393N,W23Ter,G199Ter,R196Q,V197E,E198E,D324A 
DEBUG @ Wed, 19 Jul 2023 12:19:01: Column index:9 
INFO  @ Wed, 19 Jul 2023 12:19:01: Running command: rm D16_D4_w_controls.plow.txt 
INFO  @ Wed, 19 Jul 2023 12:19:01: Running command: rm D16_D4_w_controls.phigh.txt 
INFO  @ Wed, 19 Jul 2023 12:19:01: Running command: rm D16_D4_w_controls.gene.low.txt 
INFO  @ Wed, 19 Jul 2023 12:19:01: Running command: rm D16_D4_w_controls.gene.high.txt 
